2023-10-03 21:11:58,568 - transform_data_lowercase_cols - INFO - All columns have been lowercased.
2023-10-03 21:11:58,575 - transform_data_currency - INFO - Dollar columns found: ['gross', 'discounts', 'taxes', 'adjustments', 'net']
2023-10-03 21:11:58,576 - transform_data_currency - INFO - Successfully converted column 'gross' to float.
2023-10-03 21:11:58,577 - transform_data_currency - INFO - Successfully converted column 'discounts' to float.
2023-10-03 21:11:58,578 - transform_data_currency - INFO - Successfully converted column 'taxes' to float.
2023-10-03 21:11:58,578 - transform_data_currency - INFO - Successfully converted column 'adjustments' to float.
2023-10-03 21:11:58,578 - transform_data_currency - INFO - Successfully converted column 'net' to float.
2023-10-03 21:11:58,587 - transform_data_full_name_to_id - INFO - Column: providers is person type: provider
2023-10-03 21:11:58,591 - transform_data_full_name_to_id - INFO - Columns dropped: Index(['providers'], dtype='object')
2023-10-03 21:11:58,591 - transform_data_add_person_id_column - INFO - Added 'employee_id' column with default values.
2023-10-03 21:11:58,591 - transform_data_remove_subtotal_col - INFO - Column is not numeric: employee_id
2023-10-03 21:11:58,591 - transform_data_remove_subtotal_col - INFO - Last row: Unknown
2023-10-03 21:11:58,592 - transform_data_remove_subtotal_col - INFO - Column is numeric: qty
2023-10-03 21:11:58,605 - transform_data_remove_subtotal_col - INFO - Last row: 4340
2023-10-03 21:11:58,608 - transform_data_remove_subtotal_col - INFO - Subtotal column found: qty
2023-10-03 21:11:58,609 - transform_data_remove_subtotal_col - INFO - Subtotal column removed: qty
2023-10-03 21:11:58,617 - transform_data_rename_percentage - INFO - Percentage column renamed.
2023-10-03 21:11:58,618 - transform_data_percentage_to_int - INFO - Percentage column converted to integers.
2023-10-03 21:11:58,618 - transform_data_rename_hash - WARNING - No '#' column found. Nothing renamed.
2023-10-03 21:11:58,625 - stage_data_for_ingest - INFO - Read parent directory: ./files_to_consume
2023-10-03 21:11:58,626 - stage_data_for_ingest - INFO - Clean directory path: ./files_to_consume/Clean_Layer
2023-10-03 21:11:58,628 - stage_data_for_ingest - INFO - Output filename: services_by_provider-Processed.csv
2023-10-03 21:11:58,630 - stage_data_for_ingest - INFO - Processed data written to CSV file.
2023-10-03 21:11:58,647 - ingest_data_postgres - INFO - Database table instruction: replace
2023-10-03 21:11:58,698 - ingest_data_postgres - INFO - Successfully CONNected to PostgreSQL database: historical_reports_2022
2023-10-03 21:11:58,699 - root - INFO - Attempting to write data to PostgreSQL table: services_by_provider
2023-10-03 21:11:58,710 - root - ERROR - SQLAlchemy error occurred: (psycopg2.OperationalError) connection to server at "localhost" (127.0.0.1), port 5432 failed: Connection refused
	Is the server running on that host and accepting TCP/IP connections?
connection to server at "localhost" (::1), port 5432 failed: Cannot assign requested address
	Is the server running on that host and accepting TCP/IP connections?

(Background on this error at: https://sqlalche.me/e/20/e3q8)
2023-10-03 21:11:58,710 - __main__ - INFO - Pipeline completed.
