2023-08-16 15:31:23,253 - transform_data_delete_blank_cols - INFO - Deleted blank column: [Unnamed: 0]
2023-08-16 15:31:30,933 - transform_data_delete_blank_cols - INFO - Deleted blank column: [Unnamed: 12]
2023-08-16 15:31:30,964 - transform_data_currency - INFO - Dollar columns found: ['amount', 'balance']
2023-08-16 15:31:30,964 - transform_data_currency - WARNING - Failed to convert column 'amount' to float.
2023-08-16 15:31:30,968 - transform_data_currency - WARNING - The row that failed is:    approval status  age   # payer patient invoice date service date  statement date  amount    balance
40      NaN    NaN  NaN NaN   NaN     NaN          NaN          NaN             NaN     NaN  $7,331.50
2023-08-16 15:31:30,968 - transform_data_currency - WARNING -    approval status  age   # payer patient invoice date service date  statement date  amount    balance
40      NaN    NaN  NaN NaN   NaN     NaN          NaN          NaN             NaN     NaN  $7,331.50
2023-08-16 15:31:30,972 - transform_data_currency - INFO - Successfully converted column 'balance' to float.
2023-08-16 15:31:30,993 - transform_data_full_name_to_id - WARNING - The first column is not 'Provider(s)' or 'Patient; Cannot parse name: 
2023-08-16 15:31:30,993 - transform_data_full_name_to_id - WARNING - Unknown person type, first column will not be dropped.
2023-08-16 15:31:30,993 - transform_data_remove_subtotal_col - INFO - Column is not numeric: approval
2023-08-16 15:31:30,993 - transform_data_remove_subtotal_col - INFO - Last row: nan
2023-08-16 15:31:30,994 - transform_data_remove_subtotal_col - INFO - Column is not numeric: status
2023-08-16 15:31:30,994 - transform_data_remove_subtotal_col - INFO - Last row: nan
2023-08-16 15:31:30,994 - transform_data_remove_subtotal_col - INFO - Column is not numeric: age
2023-08-16 15:31:30,994 - transform_data_remove_subtotal_col - INFO - Last row: nan
2023-08-16 15:31:30,994 - transform_data_remove_subtotal_col - INFO - Column is not numeric: #
2023-08-16 15:31:30,994 - transform_data_remove_subtotal_col - INFO - Last row: nan
2023-08-16 15:31:30,994 - transform_data_remove_subtotal_col - INFO - Column is not numeric: payer
2023-08-16 15:31:30,994 - transform_data_remove_subtotal_col - INFO - Last row: nan
2023-08-16 15:31:30,994 - transform_data_remove_subtotal_col - INFO - Column is not numeric: patient
2023-08-16 15:31:30,994 - transform_data_remove_subtotal_col - INFO - Last row: nan
2023-08-16 15:31:30,994 - transform_data_remove_subtotal_col - INFO - Column is not numeric: invoice date
2023-08-16 15:31:30,994 - transform_data_remove_subtotal_col - INFO - Last row: nan
2023-08-16 15:31:30,994 - transform_data_remove_subtotal_col - INFO - Column is not numeric: service date
2023-08-16 15:31:30,994 - transform_data_remove_subtotal_col - INFO - Last row: nan
2023-08-16 15:31:30,994 - transform_data_remove_subtotal_col - INFO - Column is not numeric: statement date
2023-08-16 15:31:30,994 - transform_data_remove_subtotal_col - INFO - Last row: nan
2023-08-16 15:31:30,994 - transform_data_remove_subtotal_col - INFO - Column is not numeric: amount
2023-08-16 15:31:30,995 - transform_data_remove_subtotal_col - INFO - Last row: nan
2023-08-16 15:31:30,995 - transform_data_remove_subtotal_col - INFO - Column is numeric: balance
2023-08-16 15:31:31,002 - transform_data_remove_subtotal_col - INFO - Last row: 7331.5
2023-08-16 15:31:31,003 - transform_data_remove_subtotal_col - INFO - Subtotal column found: balance
2023-08-16 15:31:31,003 - transform_data_remove_subtotal_col - INFO - Subtotal column removed: balance
2023-08-16 15:31:31,007 - transform_data_rename_percentage - WARNING - No '%' column found. Nothing renamed.
