2023-08-17 08:28:18,631 - transform_data_delete_blank_cols - INFO - Deleted blank column: [Unnamed: 0]
2023-08-17 08:28:19,249 - transform_data_delete_blank_cols - INFO - Deleted blank column: [Unnamed: 12]
2023-08-17 08:28:19,270 - transform_data_currency - INFO - Dollar columns found: ['amount', 'balance']
2023-08-17 08:28:19,270 - transform_data_currency - WARNING - Failed to convert column 'amount' to float.
2023-08-17 08:28:19,273 - transform_data_currency - WARNING - The row that failed is:    approval status  age   # payer patient invoice date service date  statement date  amount    balance
40      NaN    NaN  NaN NaN   NaN     NaN          NaN          NaN             NaN     NaN  $7,331.50
2023-08-17 08:28:19,273 - transform_data_currency - WARNING -    approval status  age   # payer patient invoice date service date  statement date  amount    balance
40      NaN    NaN  NaN NaN   NaN     NaN          NaN          NaN             NaN     NaN  $7,331.50
2023-08-17 08:28:19,275 - transform_data_currency - INFO - Successfully converted column 'balance' to float.
2023-08-17 08:28:19,292 - transform_data_full_name_to_id - WARNING - The first column is not 'Provider(s)' or 'Patient; Cannot parse name: 
2023-08-17 08:28:19,292 - transform_data_full_name_to_id - WARNING - Unknown person type, first column will not be dropped.
2023-08-17 08:28:19,293 - transform_data_remove_subtotal_col - INFO - Column is not numeric: approval
2023-08-17 08:28:19,293 - transform_data_remove_subtotal_col - INFO - Last row: nan
2023-08-17 08:28:19,293 - transform_data_remove_subtotal_col - INFO - Column is not numeric: status
2023-08-17 08:28:19,293 - transform_data_remove_subtotal_col - INFO - Last row: nan
2023-08-17 08:28:19,293 - transform_data_remove_subtotal_col - INFO - Column is not numeric: age
2023-08-17 08:28:19,293 - transform_data_remove_subtotal_col - INFO - Last row: nan
2023-08-17 08:28:19,293 - transform_data_remove_subtotal_col - INFO - Column is not numeric: #
2023-08-17 08:28:19,293 - transform_data_remove_subtotal_col - INFO - Last row: nan
2023-08-17 08:28:19,294 - transform_data_remove_subtotal_col - INFO - Column is not numeric: payer
2023-08-17 08:28:19,294 - transform_data_remove_subtotal_col - INFO - Last row: nan
2023-08-17 08:28:19,294 - transform_data_remove_subtotal_col - INFO - Column is not numeric: patient
2023-08-17 08:28:19,294 - transform_data_remove_subtotal_col - INFO - Last row: nan
2023-08-17 08:28:19,294 - transform_data_remove_subtotal_col - INFO - Column is not numeric: invoice date
2023-08-17 08:28:19,294 - transform_data_remove_subtotal_col - INFO - Last row: nan
2023-08-17 08:28:19,294 - transform_data_remove_subtotal_col - INFO - Column is not numeric: service date
2023-08-17 08:28:19,294 - transform_data_remove_subtotal_col - INFO - Last row: nan
2023-08-17 08:28:19,294 - transform_data_remove_subtotal_col - INFO - Column is not numeric: statement date
2023-08-17 08:28:19,294 - transform_data_remove_subtotal_col - INFO - Last row: nan
2023-08-17 08:28:19,294 - transform_data_remove_subtotal_col - INFO - Column is not numeric: amount
2023-08-17 08:28:19,294 - transform_data_remove_subtotal_col - INFO - Last row: nan
2023-08-17 08:28:19,294 - transform_data_remove_subtotal_col - INFO - Column is numeric: balance
2023-08-17 08:28:19,302 - transform_data_remove_subtotal_col - INFO - Last row: 7331.5
2023-08-17 08:28:19,302 - transform_data_remove_subtotal_col - INFO - Subtotal column found: balance
2023-08-17 08:28:19,303 - transform_data_remove_subtotal_col - INFO - Subtotal column removed: balance
2023-08-17 08:28:19,307 - transform_data_rename_percentage - WARNING - No '%' column found. Nothing renamed.
2023-08-17 08:28:19,994 - transform_data_rename_hash - INFO - Rows about to be dropped where '#' column is NaN:
2023-08-17 08:28:20,006 - transform_data_rename_hash - INFO - Empty DataFrame
Columns: [approval, status, age, #, payer, patient, invoice date, service date, statement date, amount, balance]
Index: []
2023-08-17 08:28:20,009 - transform_data_rename_hash - INFO - Successfully dropped rows where '#' column is NaN.
2023-08-17 08:28:20,009 - transform_data_rename_hash - INFO - Phone column renamed.
2023-08-17 08:28:20,010 - transform_data_add_col - INFO - New column name is: company
2023-08-17 08:28:20,011 - transform_data_add_col - INFO - New column values are: MES
2023-08-17 08:28:20,011 - transform_data_add_col - INFO - Added new column named: company with values: MES
2023-08-17 08:28:20,020 - stage_data_for_ingest - INFO - Processed data written to CSV file.
2023-08-17 08:28:20,064 - ingest_data_postgres - INFO - Successfully CONNected to PostgreSQL database: historical_reports_2022
2023-08-17 08:28:20,064 - root - INFO - Attempting to write data to PostgreSQL table: recall_2022
2023-08-17 08:28:20,123 - root - INFO - Successfully Wrote data to PostgreSQL table: recall_2022
2023-08-17 08:28:20,123 - __main__ - INFO - Pipeline completed.
