2023-10-03 21:15:44,825 - transform_data_lowercase_cols - INFO - All columns have been lowercased.
2023-10-03 21:15:44,838 - transform_data_currency - INFO - Dollar columns found: ['total $ paid']
2023-10-03 21:15:44,841 - transform_data_currency - INFO - Successfully converted column 'total $ paid' to float.
2023-10-03 21:15:44,857 - transform_data_full_name_to_id - INFO - Column: patients is person type: patient
2023-10-03 21:15:44,865 - transform_data_full_name_to_id - INFO - Columns dropped: Index(['patients'], dtype='object')
2023-10-03 21:15:44,866 - transform_data_add_person_id_column - INFO - Added 'patient_id' column with default values.
2023-10-03 21:15:44,867 - transform_data_remove_subtotal_col - INFO - Column is not numeric: patient_id
2023-10-03 21:15:44,867 - transform_data_remove_subtotal_col - INFO - Last row: Unknown
2023-10-03 21:15:44,868 - transform_data_remove_subtotal_col - INFO - Column is numeric: total payments
2023-10-03 21:15:44,882 - transform_data_remove_subtotal_col - INFO - Last row: 2430
2023-10-03 21:15:44,885 - transform_data_remove_subtotal_col - INFO - Subtotal column found: total payments
2023-10-03 21:15:44,887 - transform_data_remove_subtotal_col - INFO - Subtotal column removed: total payments
2023-10-03 21:15:44,897 - transform_data_rename_percentage - INFO - Percentage column renamed.
2023-10-03 21:15:44,899 - transform_data_percentage_to_int - INFO - Percentage column converted to integers.
2023-10-03 21:15:44,899 - transform_data_rename_hash - WARNING - No '#' column found. Nothing renamed.
2023-10-03 21:15:44,908 - stage_data_for_ingest - INFO - Read parent directory: ./files_to_consume
2023-10-03 21:15:44,910 - stage_data_for_ingest - INFO - Clean directory path: ./files_to_consume/Clean_Layer
2023-10-03 21:15:44,912 - stage_data_for_ingest - INFO - Output filename: receipts_by_patient-Processed.csv
2023-10-03 21:15:44,917 - stage_data_for_ingest - INFO - Processed data written to CSV file.
2023-10-03 21:15:44,931 - ingest_data_postgres - INFO - Database table instruction: replace
2023-10-03 21:15:44,982 - ingest_data_postgres - INFO - Successfully CONNected to PostgreSQL database: historical_reports_2022
2023-10-03 21:15:44,983 - root - INFO - Attempting to write data to PostgreSQL table: receipts_by_patient
2023-10-03 21:15:45,030 - root - ERROR - SQLAlchemy error occurred: (psycopg2.OperationalError) connection to server at "localhost" (127.0.0.1), port 5432 failed: Connection refused
	Is the server running on that host and accepting TCP/IP connections?
connection to server at "localhost" (::1), port 5432 failed: Cannot assign requested address
	Is the server running on that host and accepting TCP/IP connections?

(Background on this error at: https://sqlalche.me/e/20/e3q8)
2023-10-03 21:15:45,032 - __main__ - INFO - Pipeline completed.
