2023-11-13 22:05:57,084 - transform_data_lowercase_cols - INFO - All columns have been lowercased.
2023-11-13 22:05:57,094 - transform_data_currency - INFO - Dollar columns found: ['gross', 'discounts', 'taxes', 'adjustments', 'net']
2023-11-13 22:05:57,095 - transform_data_currency - INFO - Successfully converted column 'gross' to float.
2023-11-13 22:05:57,096 - transform_data_currency - INFO - Successfully converted column 'discounts' to float.
2023-11-13 22:05:57,097 - transform_data_currency - INFO - Successfully converted column 'taxes' to float.
2023-11-13 22:05:57,098 - transform_data_currency - INFO - Successfully converted column 'adjustments' to float.
2023-11-13 22:05:57,098 - transform_data_currency - INFO - Successfully converted column 'net' to float.
2023-11-13 22:05:57,130 - transform_data_full_name_to_id - WARNING - No valid string columns to process.
2023-11-13 22:05:57,131 - transform_data_full_name_to_id - INFO - No columns dropped, columns did not match in ['provider', 'providers', 'patient', 'patients']
2023-11-13 22:05:57,131 - transform_data_full_name_to_id - WARNING - No valid person type detected for ID transformation.
2023-11-13 22:05:57,132 - transform_data_remove_subtotal_col - INFO - Column is not numeric: categories
2023-11-13 22:05:57,132 - transform_data_remove_subtotal_col - INFO - Last row: nan
2023-11-13 22:05:57,132 - transform_data_remove_subtotal_col - INFO - Column is numeric: qty
2023-11-13 22:05:57,148 - transform_data_remove_subtotal_col - INFO - Last row: 738
2023-11-13 22:05:57,152 - transform_data_remove_subtotal_col - INFO - Subtotal column found: qty
2023-11-13 22:05:57,152 - transform_data_remove_subtotal_col - INFO - Subtotal column removed: qty
2023-11-13 22:05:57,162 - transform_data_rename_percentage - INFO - Percentage column renamed.
2023-11-13 22:05:57,163 - transform_data_percentage_to_int - INFO - Percentage column converted to integers.
2023-11-13 22:05:57,163 - transform_data_rename_hash - WARNING - No '#' column found. Nothing renamed.
2023-11-13 22:05:57,176 - stage_data_for_ingest - INFO - Read parent directory: ./files_to_consume
2023-11-13 22:05:57,178 - stage_data_for_ingest - INFO - Resolved absolute parent directory: /app/./files_to_consume
2023-11-13 22:05:57,183 - stage_data_for_ingest - INFO - Clean directory path: ./files_to_consume/Clean_Layer
2023-11-13 22:05:57,185 - stage_data_for_ingest - INFO - Output filename: q1_q2_misc_services-Processed.csv
2023-11-13 22:05:57,187 - stage_data_for_ingest - INFO - Processed data written to CSV file.
2023-11-13 22:05:57,206 - ingest_data_postgres - INFO - Database table instruction: replace
2023-11-13 22:05:57,269 - sqlalchemy.engine.Engine - INFO - select pg_catalog.version()
2023-11-13 22:05:57,270 - sqlalchemy.engine.Engine - INFO - [raw sql] {}
2023-11-13 22:05:57,277 - sqlalchemy.engine.Engine - INFO - select current_schema()
2023-11-13 22:05:57,277 - sqlalchemy.engine.Engine - INFO - [raw sql] {}
2023-11-13 22:05:57,278 - sqlalchemy.engine.Engine - INFO - show standard_conforming_strings
2023-11-13 22:05:57,278 - sqlalchemy.engine.Engine - INFO - [raw sql] {}
2023-11-13 22:05:57,279 - sqlalchemy.engine.Engine - INFO - BEGIN (implicit)
2023-11-13 22:05:57,280 - sqlalchemy.engine.Engine - INFO - SELECT * FROM public.recall_2023
2023-11-13 22:05:57,281 - sqlalchemy.engine.Engine - INFO - [generated in 0.00143s] {}
2023-11-13 22:05:57,295 - sqlalchemy.engine.Engine - INFO - ROLLBACK
2023-11-13 22:05:57,296 - __main__ - INFO - Pipeline completed.
