2023-12-06 04:29:28,433 - transform_data_lowercase_cols - INFO - All columns have been lowercased.
2023-12-06 04:29:28,452 - transform_data_currency - INFO - Dollar columns found: ['gross', 'discounts', 'taxes', 'adjustments', 'net']
2023-12-06 04:29:28,454 - transform_data_currency - INFO - Successfully converted column 'gross' to float.
2023-12-06 04:29:28,455 - transform_data_currency - INFO - Successfully converted column 'discounts' to float.
2023-12-06 04:29:28,457 - transform_data_currency - INFO - Successfully converted column 'taxes' to float.
2023-12-06 04:29:28,458 - transform_data_currency - INFO - Successfully converted column 'adjustments' to float.
2023-12-06 04:29:28,460 - transform_data_currency - INFO - Successfully converted column 'net' to float.
2023-12-06 04:29:28,540 - transform_data_full_name_to_id - WARNING - No valid string columns to process.
2023-12-06 04:29:28,541 - transform_data_full_name_to_id - INFO - No columns dropped, columns did not match in ['provider', 'providers', 'patient', 'patients']
2023-12-06 04:29:28,541 - transform_data_full_name_to_id - WARNING - No valid person type detected for ID transformation.
2023-12-06 04:29:28,543 - transform_data_remove_subtotal_col - INFO - Column is not numeric: categories
2023-12-06 04:29:28,543 - transform_data_remove_subtotal_col - INFO - Last row: nan
2023-12-06 04:29:28,545 - transform_data_remove_subtotal_col - INFO - Column is numeric: qty
2023-12-06 04:29:28,579 - transform_data_remove_subtotal_col - INFO - Last row: 738
2023-12-06 04:29:28,588 - transform_data_remove_subtotal_col - INFO - Subtotal column found: qty
2023-12-06 04:29:28,590 - transform_data_remove_subtotal_col - INFO - Subtotal column removed: qty
2023-12-06 04:29:28,618 - transform_data_rename_percentage - INFO - Percentage column renamed.
2023-12-06 04:29:28,621 - transform_data_percentage_to_int - INFO - Percentage column converted to integers.
2023-12-06 04:29:28,622 - transform_data_rename_hash - WARNING - No '#' column found. Nothing renamed.
2023-12-06 04:29:28,653 - stage_data_for_ingest - INFO - Read parent directory: ./files_to_consume
2023-12-06 04:29:28,662 - stage_data_for_ingest - INFO - Resolved absolute parent directory: /app/./files_to_consume
2023-12-06 04:29:28,669 - stage_data_for_ingest - INFO - Clean directory path: ./files_to_consume/Clean_Layer
2023-12-06 04:29:28,677 - stage_data_for_ingest - INFO - Output filename: q1_q2_misc_services-Processed.csv
2023-12-06 04:29:28,685 - stage_data_for_ingest - INFO - Processed data written to CSV file.
2023-12-06 04:29:28,751 - ingest_data_postgres - INFO - Database table instruction: replace
2023-12-06 04:29:28,875 - root - INFO - Attempting to write data to PostgreSQL table: q1_q2_misc_services
2023-12-06 04:29:28,886 - root - INFO - DataFrame head: 
            categories  qty   gross  ...  adjustments     net  percentage
0            MATERIALS  279  5215.0  ...          0.0  5215.0          34
1           EXAM COPAY  250  2945.0  ...          0.0  2945.0          19
2                 exam   90  1115.0  ...          0.0  1115.0           7
3             Contacts    1   800.0  ...          0.0   800.0           5
4  PROGRESSIVE UPGRADE   13   765.0  ...          0.0   765.0           5

[5 rows x 8 columns]
2023-12-06 04:29:28,914 - sqlalchemy.engine.Engine - INFO - select pg_catalog.version()
2023-12-06 04:29:28,915 - sqlalchemy.engine.Engine - INFO - [raw sql] {}
2023-12-06 04:29:28,917 - sqlalchemy.engine.Engine - INFO - select current_schema()
2023-12-06 04:29:28,917 - sqlalchemy.engine.Engine - INFO - [raw sql] {}
2023-12-06 04:29:28,918 - sqlalchemy.engine.Engine - INFO - show standard_conforming_strings
2023-12-06 04:29:28,919 - sqlalchemy.engine.Engine - INFO - [raw sql] {}
2023-12-06 04:29:28,920 - root - ERROR - An unexpected error occurred: read_sql() missing 1 required positional argument: 'con'
2023-12-06 04:29:28,921 - __main__ - INFO - Pipeline completed.
