2023-11-13 21:23:25,322 - transform_data_lowercase_cols - INFO - All columns have been lowercased.
2023-11-13 21:23:25,331 - transform_data_currency - INFO - Dollar columns found: ['gross', 'discounts', 'taxes', 'adjustments', 'net']
2023-11-13 21:23:25,332 - transform_data_currency - INFO - Successfully converted column 'gross' to float.
2023-11-13 21:23:25,333 - transform_data_currency - INFO - Successfully converted column 'discounts' to float.
2023-11-13 21:23:25,334 - transform_data_currency - INFO - Successfully converted column 'taxes' to float.
2023-11-13 21:23:25,334 - transform_data_currency - INFO - Successfully converted column 'adjustments' to float.
2023-11-13 21:23:25,335 - transform_data_currency - INFO - Successfully converted column 'net' to float.
2023-11-13 21:23:25,367 - transform_data_full_name_to_id - WARNING - No valid string columns to process.
2023-11-13 21:23:25,367 - transform_data_full_name_to_id - INFO - No columns dropped, columns did not match in ['provider', 'providers', 'patient', 'patients']
2023-11-13 21:23:25,367 - transform_data_full_name_to_id - WARNING - No valid person type detected for ID transformation.
2023-11-13 21:23:25,368 - transform_data_remove_subtotal_col - INFO - Column is not numeric: categories
2023-11-13 21:23:25,368 - transform_data_remove_subtotal_col - INFO - Last row: nan
2023-11-13 21:23:25,368 - transform_data_remove_subtotal_col - INFO - Column is numeric: qty
2023-11-13 21:23:25,384 - transform_data_remove_subtotal_col - INFO - Last row: 738
2023-11-13 21:23:25,387 - transform_data_remove_subtotal_col - INFO - Subtotal column found: qty
2023-11-13 21:23:25,388 - transform_data_remove_subtotal_col - INFO - Subtotal column removed: qty
2023-11-13 21:23:25,398 - transform_data_rename_percentage - INFO - Percentage column renamed.
2023-11-13 21:23:25,399 - transform_data_percentage_to_int - INFO - Percentage column converted to integers.
2023-11-13 21:23:25,399 - transform_data_rename_hash - WARNING - No '#' column found. Nothing renamed.
2023-11-13 21:23:25,411 - stage_data_for_ingest - INFO - Read parent directory: ./files_to_consume
2023-11-13 21:23:25,414 - stage_data_for_ingest - INFO - Resolved absolute parent directory: /app/./files_to_consume
2023-11-13 21:23:25,416 - stage_data_for_ingest - INFO - Clean directory path: ./files_to_consume/Clean_Layer
2023-11-13 21:23:25,419 - stage_data_for_ingest - INFO - Output filename: q1_q2_misc_services-Processed.csv
2023-11-13 21:23:25,421 - stage_data_for_ingest - INFO - Processed data written to CSV file.
2023-11-13 21:23:25,440 - ingest_data_postgres - INFO - Database table instruction: replace
2023-11-13 21:23:25,488 - sqlalchemy.engine.Engine - INFO - select pg_catalog.version()
2023-11-13 21:23:25,489 - sqlalchemy.engine.Engine - INFO - [raw sql] {}
2023-11-13 21:23:25,490 - sqlalchemy.engine.Engine - INFO - select current_schema()
2023-11-13 21:23:25,490 - sqlalchemy.engine.Engine - INFO - [raw sql] {}
2023-11-13 21:23:25,490 - sqlalchemy.engine.Engine - INFO - show standard_conforming_strings
2023-11-13 21:23:25,491 - sqlalchemy.engine.Engine - INFO - [raw sql] {}
2023-11-13 21:23:25,492 - __main__ - INFO - Pipeline completed.
