2023-12-06 10:37:14,973 - transform_data_lowercase_cols - INFO - All columns have been lowercased.
2023-12-06 10:37:14,984 - transform_data_currency - INFO - Dollar columns found: ['gross', 'discounts', 'taxes', 'adjustments', 'net']
2023-12-06 10:37:14,985 - transform_data_currency - INFO - Successfully converted column 'gross' to float.
2023-12-06 10:37:14,985 - transform_data_currency - INFO - Successfully converted column 'discounts' to float.
2023-12-06 10:37:14,986 - transform_data_currency - INFO - Successfully converted column 'taxes' to float.
2023-12-06 10:37:14,986 - transform_data_currency - INFO - Successfully converted column 'adjustments' to float.
2023-12-06 10:37:14,987 - transform_data_currency - INFO - Successfully converted column 'net' to float.
2023-12-06 10:37:15,021 - transform_data_full_name_to_id - WARNING - No valid string columns to process.
2023-12-06 10:37:15,021 - transform_data_full_name_to_id - INFO - No columns dropped, columns did not match in ['provider', 'providers', 'patient', 'patients']
2023-12-06 10:37:15,021 - transform_data_full_name_to_id - WARNING - No valid person type detected for ID transformation.
2023-12-06 10:37:15,021 - transform_data_remove_subtotal_col - INFO - Column is not numeric: categories
2023-12-06 10:37:15,021 - transform_data_remove_subtotal_col - INFO - Last row: nan
2023-12-06 10:37:15,022 - transform_data_remove_subtotal_col - INFO - Column is numeric: qty
2023-12-06 10:37:15,040 - transform_data_remove_subtotal_col - INFO - Last row: 738
2023-12-06 10:37:15,043 - transform_data_remove_subtotal_col - INFO - Subtotal column found: qty
2023-12-06 10:37:15,044 - transform_data_remove_subtotal_col - INFO - Subtotal column removed: qty
2023-12-06 10:37:15,059 - transform_data_rename_percentage - INFO - Percentage column renamed.
2023-12-06 10:37:15,060 - transform_data_percentage_to_int - INFO - Percentage column converted to integers.
2023-12-06 10:37:15,061 - transform_data_rename_hash - WARNING - No '#' column found. Nothing renamed.
2023-12-06 10:37:15,078 - stage_data_for_ingest - INFO - Read parent directory: ./files_to_consume
2023-12-06 10:37:15,081 - stage_data_for_ingest - INFO - Resolved absolute parent directory: /Users/itech88/Desktop/Projects/Palmdale/Python/revolution_report_transform/./files_to_consume
2023-12-06 10:37:15,085 - stage_data_for_ingest - INFO - Clean directory path: ./files_to_consume/Clean_Layer
2023-12-06 10:37:15,088 - stage_data_for_ingest - INFO - Output filename: q1_q2_misc_services-Processed.csv
2023-12-06 10:37:15,091 - stage_data_for_ingest - INFO - Processed data written to CSV file.
2023-12-06 10:37:15,130 - ingest_data_postgres - INFO - Database table instruction: replace
2023-12-06 10:37:15,182 - root - INFO - Attempting to write data to PostgreSQL table: q1_q2_misc_services
2023-12-06 10:37:15,188 - root - INFO - DataFrame head: 
            categories  qty   gross  discounts  taxes  adjustments     net  percentage
0            MATERIALS  279  5215.0        0.0    0.0          0.0  5215.0          34
1           EXAM COPAY  250  2945.0        0.0    0.0          0.0  2945.0          19
2                 exam   90  1115.0        0.0    0.0          0.0  1115.0           7
3             Contacts    1   800.0        0.0    0.0          0.0   800.0           5
4  PROGRESSIVE UPGRADE   13   765.0        0.0    0.0          0.0   765.0           5
2023-12-06 10:37:15,347 - root - INFO - SUCCESS!!!! Wrote data to PostgreSQL table: q1_q2_misc_services
2023-12-06 10:37:15,347 - root - INFO - Database URI postgresql+psycopg2://postgres:08012022mtbpostgresDOCKER@localhost:5432/reports_2023
2023-12-06 10:37:15,347 - __main__ - INFO - Pipeline completed.
