2023-11-15 17:58:54,734 - transform_data_lowercase_cols - INFO - All columns have been lowercased.
2023-11-15 17:58:54,744 - transform_data_currency - INFO - Dollar columns found: ['gross', 'discounts', 'taxes', 'adjustments', 'net']
2023-11-15 17:58:54,746 - transform_data_currency - INFO - Successfully converted column 'gross' to float.
2023-11-15 17:58:54,748 - transform_data_currency - INFO - Successfully converted column 'discounts' to float.
2023-11-15 17:58:54,749 - transform_data_currency - INFO - Successfully converted column 'taxes' to float.
2023-11-15 17:58:54,750 - transform_data_currency - INFO - Successfully converted column 'adjustments' to float.
2023-11-15 17:58:54,750 - transform_data_currency - INFO - Successfully converted column 'net' to float.
2023-11-15 17:58:54,787 - transform_data_full_name_to_id - WARNING - No valid string columns to process.
2023-11-15 17:58:54,787 - transform_data_full_name_to_id - INFO - No columns dropped, columns did not match in ['provider', 'providers', 'patient', 'patients']
2023-11-15 17:58:54,787 - transform_data_full_name_to_id - WARNING - No valid person type detected for ID transformation.
2023-11-15 17:58:54,788 - transform_data_remove_subtotal_col - INFO - Column is not numeric: categories
2023-11-15 17:58:54,788 - transform_data_remove_subtotal_col - INFO - Last row: nan
2023-11-15 17:58:54,788 - transform_data_remove_subtotal_col - INFO - Column is numeric: qty
2023-11-15 17:58:54,803 - transform_data_remove_subtotal_col - INFO - Last row: 738
2023-11-15 17:58:54,806 - transform_data_remove_subtotal_col - INFO - Subtotal column found: qty
2023-11-15 17:58:54,807 - transform_data_remove_subtotal_col - INFO - Subtotal column removed: qty
2023-11-15 17:58:54,816 - transform_data_rename_percentage - INFO - Percentage column renamed.
2023-11-15 17:58:54,817 - transform_data_percentage_to_int - INFO - Percentage column converted to integers.
2023-11-15 17:58:54,817 - transform_data_rename_hash - WARNING - No '#' column found. Nothing renamed.
2023-11-15 17:58:54,829 - stage_data_for_ingest - INFO - Read parent directory: ./files_to_consume
2023-11-15 17:58:54,832 - stage_data_for_ingest - INFO - Resolved absolute parent directory: /app/./files_to_consume
2023-11-15 17:58:54,834 - stage_data_for_ingest - INFO - Clean directory path: ./files_to_consume/Clean_Layer
2023-11-15 17:58:54,836 - stage_data_for_ingest - INFO - Output filename: q1_q2_misc_services-Processed.csv
2023-11-15 17:58:54,839 - stage_data_for_ingest - INFO - Processed data written to CSV file.
2023-11-15 17:58:54,858 - ingest_data_postgres - INFO - Database table instruction: replace
2023-11-15 17:58:54,927 - root - INFO - Attempting to write data to PostgreSQL table: q1_q2_misc_services
2023-11-15 17:58:55,032 - sqlalchemy.engine.Engine - INFO - select pg_catalog.version()
2023-11-15 17:58:55,032 - sqlalchemy.engine.Engine - INFO - [raw sql] {}
2023-11-15 17:58:55,037 - sqlalchemy.engine.Engine - INFO - select current_schema()
2023-11-15 17:58:55,037 - sqlalchemy.engine.Engine - INFO - [raw sql] {}
2023-11-15 17:58:55,039 - sqlalchemy.engine.Engine - INFO - show standard_conforming_strings
2023-11-15 17:58:55,040 - sqlalchemy.engine.Engine - INFO - [raw sql] {}
2023-11-15 17:58:55,044 - sqlalchemy.engine.Engine - INFO - BEGIN (implicit)
2023-11-15 17:58:55,044 - sqlalchemy.engine.Engine - INFO - SELECT pg_catalog.pg_class.relname 
FROM pg_catalog.pg_class JOIN pg_catalog.pg_namespace ON pg_catalog.pg_namespace.oid = pg_catalog.pg_class.relnamespace 
WHERE pg_catalog.pg_class.relname = %(table_name)s AND pg_catalog.pg_class.relkind = ANY (ARRAY[%(param_1)s, %(param_2)s, %(param_3)s, %(param_4)s, %(param_5)s]) AND pg_catalog.pg_table_is_visible(pg_catalog.pg_class.oid) AND pg_catalog.pg_namespace.nspname != %(nspname_1)s
2023-11-15 17:58:55,044 - sqlalchemy.engine.Engine - INFO - [generated in 0.00061s] {'table_name': 'q1_q2_misc_services', 'param_1': 'r', 'param_2': 'p', 'param_3': 'f', 'param_4': 'v', 'param_5': 'm', 'nspname_1': 'pg_catalog'}
2023-11-15 17:58:55,049 - sqlalchemy.engine.Engine - INFO - ROLLBACK
2023-11-15 17:58:55,049 - sqlalchemy.engine.Engine - INFO - BEGIN (implicit)
2023-11-15 17:58:55,049 - sqlalchemy.engine.Engine - INFO - SELECT pg_catalog.pg_class.relname 
FROM pg_catalog.pg_class JOIN pg_catalog.pg_namespace ON pg_catalog.pg_namespace.oid = pg_catalog.pg_class.relnamespace 
WHERE pg_catalog.pg_class.relname = %(table_name)s AND pg_catalog.pg_class.relkind = ANY (ARRAY[%(param_1)s, %(param_2)s, %(param_3)s, %(param_4)s, %(param_5)s]) AND pg_catalog.pg_table_is_visible(pg_catalog.pg_class.oid) AND pg_catalog.pg_namespace.nspname != %(nspname_1)s
2023-11-15 17:58:55,050 - sqlalchemy.engine.Engine - INFO - [cached since 0.006074s ago] {'table_name': 'q1_q2_misc_services', 'param_1': 'r', 'param_2': 'p', 'param_3': 'f', 'param_4': 'v', 'param_5': 'm', 'nspname_1': 'pg_catalog'}
2023-11-15 17:58:55,050 - sqlalchemy.engine.Engine - INFO - ROLLBACK
2023-11-15 17:58:55,052 - sqlalchemy.engine.Engine - INFO - BEGIN (implicit)
2023-11-15 17:58:55,052 - sqlalchemy.engine.Engine - INFO - SELECT pg_catalog.pg_class.relname 
FROM pg_catalog.pg_class JOIN pg_catalog.pg_namespace ON pg_catalog.pg_namespace.oid = pg_catalog.pg_class.relnamespace 
WHERE pg_catalog.pg_class.relkind = ANY (ARRAY[%(param_1)s, %(param_2)s]) AND pg_catalog.pg_class.relpersistence != %(relpersistence_1)s AND pg_catalog.pg_table_is_visible(pg_catalog.pg_class.oid) AND pg_catalog.pg_namespace.nspname != %(nspname_1)s
2023-11-15 17:58:55,052 - sqlalchemy.engine.Engine - INFO - [generated in 0.00050s] {'param_1': 'r', 'param_2': 'p', 'relpersistence_1': 't', 'nspname_1': 'pg_catalog'}
2023-11-15 17:58:55,057 - sqlalchemy.engine.Engine - INFO - SELECT pg_catalog.pg_attribute.attname AS name, pg_catalog.format_type(pg_catalog.pg_attribute.atttypid, pg_catalog.pg_attribute.atttypmod) AS format_type, (SELECT pg_catalog.pg_get_expr(pg_catalog.pg_attrdef.adbin, pg_catalog.pg_attrdef.adrelid) AS pg_get_expr_1 
FROM pg_catalog.pg_attrdef 
WHERE pg_catalog.pg_attrdef.adrelid = pg_catalog.pg_attribute.attrelid AND pg_catalog.pg_attrdef.adnum = pg_catalog.pg_attribute.attnum AND pg_catalog.pg_attribute.atthasdef) AS "default", pg_catalog.pg_attribute.attnotnull AS not_null, pg_catalog.pg_class.relname AS table_name, pg_catalog.pg_description.description AS comment, pg_catalog.pg_attribute.attgenerated AS generated, (SELECT json_build_object(%(json_build_object_2)s, pg_catalog.pg_attribute.attidentity = %(attidentity_1)s, %(json_build_object_3)s, pg_catalog.pg_sequence.seqstart, %(json_build_object_4)s, pg_catalog.pg_sequence.seqincrement, %(json_build_object_5)s, pg_catalog.pg_sequence.seqmin, %(json_build_object_6)s, pg_catalog.pg_sequence.seqmax, %(json_build_object_7)s, pg_catalog.pg_sequence.seqcache, %(json_build_object_8)s, pg_catalog.pg_sequence.seqcycle) AS json_build_object_1 
FROM pg_catalog.pg_sequence 
WHERE pg_catalog.pg_attribute.attidentity != %(attidentity_2)s AND pg_catalog.pg_sequence.seqrelid = CAST(CAST(pg_catalog.pg_get_serial_sequence(CAST(CAST(pg_catalog.pg_attribute.attrelid AS REGCLASS) AS TEXT), pg_catalog.pg_attribute.attname) AS REGCLASS) AS OID)) AS identity_options 
FROM pg_catalog.pg_class LEFT OUTER JOIN pg_catalog.pg_attribute ON pg_catalog.pg_class.oid = pg_catalog.pg_attribute.attrelid AND pg_catalog.pg_attribute.attnum > %(attnum_1)s AND NOT pg_catalog.pg_attribute.attisdropped LEFT OUTER JOIN pg_catalog.pg_description ON pg_catalog.pg_description.objoid = pg_catalog.pg_attribute.attrelid AND pg_catalog.pg_description.objsubid = pg_catalog.pg_attribute.attnum JOIN pg_catalog.pg_namespace ON pg_catalog.pg_namespace.oid = pg_catalog.pg_class.relnamespace 
WHERE pg_catalog.pg_class.relkind = ANY (ARRAY[%(param_1)s, %(param_2)s, %(param_3)s]) AND pg_catalog.pg_table_is_visible(pg_catalog.pg_class.oid) AND pg_catalog.pg_namespace.nspname != %(nspname_1)s AND pg_catalog.pg_class.relname IN (%(filter_names_1)s) ORDER BY pg_catalog.pg_class.relname, pg_catalog.pg_attribute.attnum
2023-11-15 17:58:55,058 - sqlalchemy.engine.Engine - INFO - [generated in 0.00034s] {'json_build_object_2': 'always', 'attidentity_1': 'a', 'json_build_object_3': 'start', 'json_build_object_4': 'increment', 'json_build_object_5': 'minvalue', 'json_build_object_6': 'maxvalue', 'json_build_object_7': 'cache', 'json_build_object_8': 'cycle', 'attidentity_2': '', 'attnum_1': 0, 'param_1': 'r', 'param_2': 'p', 'param_3': 'f', 'nspname_1': 'pg_catalog', 'filter_names_1': 'q1_q2_misc_services'}
2023-11-15 17:58:55,078 - sqlalchemy.engine.Engine - INFO - SELECT pg_catalog.pg_type.typname AS name, pg_catalog.format_type(pg_catalog.pg_type.typbasetype, pg_catalog.pg_type.typtypmod) AS attype, NOT pg_catalog.pg_type.typnotnull AS nullable, pg_catalog.pg_type.typdefault AS "default", pg_catalog.pg_type_is_visible(pg_catalog.pg_type.oid) AS visible, pg_catalog.pg_namespace.nspname AS schema, domain_constraints.condefs, domain_constraints.connames 
FROM pg_catalog.pg_type JOIN pg_catalog.pg_namespace ON pg_catalog.pg_namespace.oid = pg_catalog.pg_type.typnamespace LEFT OUTER JOIN (SELECT pg_catalog.pg_constraint.contypid AS contypid, array_agg(pg_catalog.pg_get_constraintdef(pg_catalog.pg_constraint.oid, %(pg_get_constraintdef_1)s)) AS condefs, array_agg(CAST(pg_catalog.pg_constraint.conname AS TEXT)) AS connames 
FROM pg_catalog.pg_constraint 
WHERE pg_catalog.pg_constraint.contypid != %(contypid_1)s GROUP BY pg_catalog.pg_constraint.contypid) AS domain_constraints ON pg_catalog.pg_type.oid = domain_constraints.contypid 
WHERE pg_catalog.pg_type.typtype = %(typtype_1)s ORDER BY pg_catalog.pg_namespace.nspname, pg_catalog.pg_type.typname
2023-11-15 17:58:55,079 - sqlalchemy.engine.Engine - INFO - [generated in 0.00041s] {'pg_get_constraintdef_1': True, 'contypid_1': 0, 'typtype_1': 'd'}
2023-11-15 17:58:55,092 - sqlalchemy.engine.Engine - INFO - SELECT pg_catalog.pg_type.typname AS name, pg_catalog.pg_type_is_visible(pg_catalog.pg_type.oid) AS visible, pg_catalog.pg_namespace.nspname AS schema, lbl_agg.labels AS labels 
FROM pg_catalog.pg_type JOIN pg_catalog.pg_namespace ON pg_catalog.pg_namespace.oid = pg_catalog.pg_type.typnamespace LEFT OUTER JOIN (SELECT pg_catalog.pg_enum.enumtypid AS enumtypid, array_agg(CAST(pg_catalog.pg_enum.enumlabel AS TEXT) ORDER BY pg_catalog.pg_enum.enumsortorder) AS labels 
FROM pg_catalog.pg_enum GROUP BY pg_catalog.pg_enum.enumtypid) AS lbl_agg ON pg_catalog.pg_type.oid = lbl_agg.enumtypid 
WHERE pg_catalog.pg_type.typtype = %(typtype_1)s ORDER BY pg_catalog.pg_namespace.nspname, pg_catalog.pg_type.typname
2023-11-15 17:58:55,093 - sqlalchemy.engine.Engine - INFO - [generated in 0.00024s] {'typtype_1': 'e'}
2023-11-15 17:58:55,095 - sqlalchemy.engine.Engine - INFO - SELECT pg_catalog.pg_class.oid, pg_catalog.pg_class.relname 
FROM pg_catalog.pg_class JOIN pg_catalog.pg_namespace ON pg_catalog.pg_namespace.oid = pg_catalog.pg_class.relnamespace 
WHERE pg_catalog.pg_class.relkind = ANY (ARRAY[%(param_1)s, %(param_2)s, %(param_3)s]) AND pg_catalog.pg_table_is_visible(pg_catalog.pg_class.oid) AND pg_catalog.pg_namespace.nspname != %(nspname_1)s AND pg_catalog.pg_class.relname IN (%(filter_names_1)s)
2023-11-15 17:58:55,096 - sqlalchemy.engine.Engine - INFO - [generated in 0.00028s] {'param_1': 'r', 'param_2': 'p', 'param_3': 'f', 'nspname_1': 'pg_catalog', 'filter_names_1': 'q1_q2_misc_services'}
2023-11-15 17:58:55,099 - sqlalchemy.engine.Engine - INFO - SELECT attr.conrelid, array_agg(CAST(attr.attname AS TEXT) ORDER BY attr.ord) AS cols, attr.conname, min(attr.description) AS description, NULL AS extra 
FROM (SELECT con.conrelid AS conrelid, con.conname AS conname, con.conindid AS conindid, con.description AS description, con.ord AS ord, pg_catalog.pg_attribute.attname AS attname 
FROM pg_catalog.pg_attribute JOIN (SELECT pg_catalog.pg_constraint.conrelid AS conrelid, pg_catalog.pg_constraint.conname AS conname, pg_catalog.pg_constraint.conindid AS conindid, unnest(pg_catalog.pg_constraint.conkey) AS attnum, generate_subscripts(pg_catalog.pg_constraint.conkey, %(generate_subscripts_1)s) AS ord, pg_catalog.pg_description.description AS description 
FROM pg_catalog.pg_constraint LEFT OUTER JOIN pg_catalog.pg_description ON pg_catalog.pg_description.objoid = pg_catalog.pg_constraint.oid 
WHERE pg_catalog.pg_constraint.contype = %(contype)s AND pg_catalog.pg_constraint.conrelid IN (%(oids_1)s)) AS con ON pg_catalog.pg_attribute.attnum = con.attnum AND pg_catalog.pg_attribute.attrelid = con.conrelid 
WHERE con.conrelid IN (%(oids_1)s)) AS attr GROUP BY attr.conrelid, attr.conname ORDER BY attr.conrelid, attr.conname
2023-11-15 17:58:55,099 - sqlalchemy.engine.Engine - INFO - [generated in 0.00038s] {'generate_subscripts_1': 1, 'contype': 'p', 'oids_1': 24601}
2023-11-15 17:58:55,104 - sqlalchemy.engine.Engine - INFO - SELECT pg_catalog.pg_class.relname, pg_catalog.pg_constraint.conname, CASE WHEN (pg_catalog.pg_constraint.oid IS NOT NULL) THEN pg_catalog.pg_get_constraintdef(pg_catalog.pg_constraint.oid, %(pg_get_constraintdef_1)s) END AS anon_1, nsp_ref.nspname, pg_catalog.pg_description.description 
FROM pg_catalog.pg_class LEFT OUTER JOIN pg_catalog.pg_constraint ON pg_catalog.pg_class.oid = pg_catalog.pg_constraint.conrelid AND pg_catalog.pg_constraint.contype = %(contype_1)s LEFT OUTER JOIN pg_catalog.pg_class AS cls_ref ON cls_ref.oid = pg_catalog.pg_constraint.confrelid LEFT OUTER JOIN pg_catalog.pg_namespace AS nsp_ref ON cls_ref.relnamespace = nsp_ref.oid LEFT OUTER JOIN pg_catalog.pg_description ON pg_catalog.pg_description.objoid = pg_catalog.pg_constraint.oid JOIN pg_catalog.pg_namespace ON pg_catalog.pg_namespace.oid = pg_catalog.pg_class.relnamespace 
WHERE pg_catalog.pg_class.relkind = ANY (ARRAY[%(param_1)s, %(param_2)s, %(param_3)s]) AND pg_catalog.pg_table_is_visible(pg_catalog.pg_class.oid) AND pg_catalog.pg_namespace.nspname != %(nspname_1)s AND pg_catalog.pg_class.relname IN (%(filter_names_1)s) ORDER BY pg_catalog.pg_class.relname, pg_catalog.pg_constraint.conname
2023-11-15 17:58:55,105 - sqlalchemy.engine.Engine - INFO - [generated in 0.00030s] {'pg_get_constraintdef_1': True, 'contype_1': 'f', 'param_1': 'r', 'param_2': 'p', 'param_3': 'f', 'nspname_1': 'pg_catalog', 'filter_names_1': 'q1_q2_misc_services'}
2023-11-15 17:58:55,111 - sqlalchemy.engine.Engine - INFO - SELECT pg_catalog.pg_index.indrelid, cls_idx.relname AS relname_index, pg_catalog.pg_index.indisunique, pg_catalog.pg_constraint.conrelid IS NOT NULL AS has_constraint, pg_catalog.pg_index.indoption, cls_idx.reloptions, pg_catalog.pg_am.amname, CASE WHEN (pg_catalog.pg_index.indpred IS NOT NULL) THEN pg_catalog.pg_get_expr(pg_catalog.pg_index.indpred, pg_catalog.pg_index.indrelid) END AS filter_definition, pg_catalog.pg_index.indnkeyatts, pg_catalog.pg_index.indnullsnotdistinct, idx_cols.elements, idx_cols.elements_is_expr 
FROM pg_catalog.pg_index JOIN pg_catalog.pg_class AS cls_idx ON pg_catalog.pg_index.indexrelid = cls_idx.oid JOIN pg_catalog.pg_am ON cls_idx.relam = pg_catalog.pg_am.oid LEFT OUTER JOIN (SELECT idx_attr.indexrelid AS indexrelid, min(idx_attr.indrelid) AS min_1, array_agg(idx_attr.element ORDER BY idx_attr.ord) AS elements, array_agg(idx_attr.is_expr ORDER BY idx_attr.ord) AS elements_is_expr 
FROM (SELECT idx.indexrelid AS indexrelid, idx.indrelid AS indrelid, idx.ord AS ord, CASE WHEN (idx.attnum = %(attnum_1)s) THEN pg_catalog.pg_get_indexdef(idx.indexrelid, idx.ord + %(ord_1)s, %(pg_get_indexdef_1)s) ELSE CAST(pg_catalog.pg_attribute.attname AS TEXT) END AS element, idx.attnum = %(attnum_2)s AS is_expr 
FROM (SELECT pg_catalog.pg_index.indexrelid AS indexrelid, pg_catalog.pg_index.indrelid AS indrelid, unnest(pg_catalog.pg_index.indkey) AS attnum, generate_subscripts(pg_catalog.pg_index.indkey, %(generate_subscripts_1)s) AS ord 
FROM pg_catalog.pg_index 
WHERE NOT pg_catalog.pg_index.indisprimary AND pg_catalog.pg_index.indrelid IN (%(oids_1)s)) AS idx LEFT OUTER JOIN pg_catalog.pg_attribute ON pg_catalog.pg_attribute.attnum = idx.attnum AND pg_catalog.pg_attribute.attrelid = idx.indrelid 
WHERE idx.indrelid IN (%(oids_1)s)) AS idx_attr GROUP BY idx_attr.indexrelid) AS idx_cols ON pg_catalog.pg_index.indexrelid = idx_cols.indexrelid LEFT OUTER JOIN pg_catalog.pg_constraint ON pg_catalog.pg_index.indrelid = pg_catalog.pg_constraint.conrelid AND pg_catalog.pg_index.indexrelid = pg_catalog.pg_constraint.conindid AND pg_catalog.pg_constraint.contype = ANY (ARRAY[%(param_1)s, %(param_2)s, %(param_3)s]) 
WHERE pg_catalog.pg_index.indrelid IN (%(oids_1)s) AND NOT pg_catalog.pg_index.indisprimary ORDER BY pg_catalog.pg_index.indrelid, cls_idx.relname
2023-11-15 17:58:55,111 - sqlalchemy.engine.Engine - INFO - [generated in 0.00040s] {'attnum_1': 0, 'ord_1': 1, 'pg_get_indexdef_1': True, 'attnum_2': 0, 'generate_subscripts_1': 1, 'param_1': 'p', 'param_2': 'u', 'param_3': 'x', 'oids_1': 24601}
2023-11-15 17:58:55,116 - sqlalchemy.engine.Engine - INFO - SELECT attr.conrelid, array_agg(CAST(attr.attname AS TEXT) ORDER BY attr.ord) AS cols, attr.conname, min(attr.description) AS description, bool_and(pg_catalog.pg_index.indnullsnotdistinct) AS indnullsnotdistinct 
FROM (SELECT con.conrelid AS conrelid, con.conname AS conname, con.conindid AS conindid, con.description AS description, con.ord AS ord, pg_catalog.pg_attribute.attname AS attname 
FROM pg_catalog.pg_attribute JOIN (SELECT pg_catalog.pg_constraint.conrelid AS conrelid, pg_catalog.pg_constraint.conname AS conname, pg_catalog.pg_constraint.conindid AS conindid, unnest(pg_catalog.pg_constraint.conkey) AS attnum, generate_subscripts(pg_catalog.pg_constraint.conkey, %(generate_subscripts_1)s) AS ord, pg_catalog.pg_description.description AS description 
FROM pg_catalog.pg_constraint LEFT OUTER JOIN pg_catalog.pg_description ON pg_catalog.pg_description.objoid = pg_catalog.pg_constraint.oid 
WHERE pg_catalog.pg_constraint.contype = %(contype)s AND pg_catalog.pg_constraint.conrelid IN (%(oids_1)s)) AS con ON pg_catalog.pg_attribute.attnum = con.attnum AND pg_catalog.pg_attribute.attrelid = con.conrelid 
WHERE con.conrelid IN (%(oids_1)s)) AS attr JOIN pg_catalog.pg_index ON attr.conindid = pg_catalog.pg_index.indexrelid GROUP BY attr.conrelid, attr.conname ORDER BY attr.conrelid, attr.conname
2023-11-15 17:58:55,117 - sqlalchemy.engine.Engine - INFO - [generated in 0.00037s] {'generate_subscripts_1': 1, 'contype': 'u', 'oids_1': 24601}
2023-11-15 17:58:55,120 - sqlalchemy.engine.Engine - INFO - SELECT pg_catalog.pg_class.relname, pg_catalog.pg_description.description 
FROM pg_catalog.pg_class LEFT OUTER JOIN pg_catalog.pg_description ON pg_catalog.pg_class.oid = pg_catalog.pg_description.objoid AND pg_catalog.pg_description.objsubid = %(objsubid_1)s JOIN pg_catalog.pg_namespace ON pg_catalog.pg_namespace.oid = pg_catalog.pg_class.relnamespace 
WHERE pg_catalog.pg_class.relkind = ANY (ARRAY[%(param_1)s, %(param_2)s, %(param_3)s]) AND pg_catalog.pg_table_is_visible(pg_catalog.pg_class.oid) AND pg_catalog.pg_namespace.nspname != %(nspname_1)s AND pg_catalog.pg_class.relname IN (%(filter_names_1)s)
2023-11-15 17:58:55,121 - sqlalchemy.engine.Engine - INFO - [generated in 0.00059s] {'objsubid_1': 0, 'param_1': 'r', 'param_2': 'p', 'param_3': 'f', 'nspname_1': 'pg_catalog', 'filter_names_1': 'q1_q2_misc_services'}
2023-11-15 17:58:55,126 - sqlalchemy.engine.Engine - INFO - SELECT pg_catalog.pg_class.relname, pg_catalog.pg_constraint.conname, CASE WHEN (pg_catalog.pg_constraint.oid IS NOT NULL) THEN pg_catalog.pg_get_constraintdef(pg_catalog.pg_constraint.oid, %(pg_get_constraintdef_1)s) END AS anon_1, pg_catalog.pg_description.description 
FROM pg_catalog.pg_class LEFT OUTER JOIN pg_catalog.pg_constraint ON pg_catalog.pg_class.oid = pg_catalog.pg_constraint.conrelid AND pg_catalog.pg_constraint.contype = %(contype_1)s LEFT OUTER JOIN pg_catalog.pg_description ON pg_catalog.pg_description.objoid = pg_catalog.pg_constraint.oid JOIN pg_catalog.pg_namespace ON pg_catalog.pg_namespace.oid = pg_catalog.pg_class.relnamespace 
WHERE pg_catalog.pg_class.relkind = ANY (ARRAY[%(param_1)s, %(param_2)s, %(param_3)s]) AND pg_catalog.pg_table_is_visible(pg_catalog.pg_class.oid) AND pg_catalog.pg_namespace.nspname != %(nspname_1)s AND pg_catalog.pg_class.relname IN (%(filter_names_1)s) ORDER BY pg_catalog.pg_class.relname, pg_catalog.pg_constraint.conname
2023-11-15 17:58:55,126 - sqlalchemy.engine.Engine - INFO - [generated in 0.00080s] {'pg_get_constraintdef_1': True, 'contype_1': 'c', 'param_1': 'r', 'param_2': 'p', 'param_3': 'f', 'nspname_1': 'pg_catalog', 'filter_names_1': 'q1_q2_misc_services'}
2023-11-15 17:58:55,130 - sqlalchemy.engine.Engine - INFO - SELECT pg_catalog.pg_class.relname 
FROM pg_catalog.pg_class JOIN pg_catalog.pg_namespace ON pg_catalog.pg_namespace.oid = pg_catalog.pg_class.relnamespace 
WHERE pg_catalog.pg_class.relkind = ANY (ARRAY[%(param_1)s, %(param_2)s]) AND pg_catalog.pg_class.relpersistence = %(relpersistence_1)s AND pg_catalog.pg_table_is_visible(pg_catalog.pg_class.oid) AND pg_catalog.pg_namespace.nspname != %(nspname_1)s
2023-11-15 17:58:55,130 - sqlalchemy.engine.Engine - INFO - [generated in 0.00034s] {'param_1': 'r', 'param_2': 'p', 'relpersistence_1': 't', 'nspname_1': 'pg_catalog'}
2023-11-15 17:58:55,132 - sqlalchemy.engine.Engine - INFO - ROLLBACK
2023-11-15 17:58:55,132 - sqlalchemy.engine.Engine - INFO - BEGIN (implicit)
2023-11-15 17:58:55,133 - sqlalchemy.engine.Engine - INFO - 
DROP TABLE q1_q2_misc_services
2023-11-15 17:58:55,133 - sqlalchemy.engine.Engine - INFO - [no key 0.00039s] {}
2023-11-15 17:58:55,147 - sqlalchemy.engine.Engine - INFO - COMMIT
2023-11-15 17:58:55,158 - sqlalchemy.engine.Engine - INFO - BEGIN (implicit)
2023-11-15 17:58:55,159 - sqlalchemy.engine.Engine - INFO - 
CREATE TABLE q1_q2_misc_services (
	categories TEXT, 
	qty BIGINT, 
	gross FLOAT(53), 
	discounts FLOAT(53), 
	taxes FLOAT(53), 
	adjustments FLOAT(53), 
	net FLOAT(53), 
	percentage BIGINT
)


2023-11-15 17:58:55,160 - sqlalchemy.engine.Engine - INFO - [no key 0.00038s] {}
2023-11-15 17:58:55,170 - sqlalchemy.engine.Engine - INFO - COMMIT
2023-11-15 17:58:55,172 - sqlalchemy.engine.Engine - INFO - BEGIN (implicit)
2023-11-15 17:58:55,194 - sqlalchemy.engine.Engine - INFO - INSERT INTO q1_q2_misc_services (categories, qty, gross, discounts, taxes, adjustments, net, percentage) VALUES (%(categories_m0)s, %(qty_m0)s, %(gross_m0)s, %(discounts_m0)s, %(taxes_m0)s, %(adjustments_m0)s, %(net_m0)s, %(percentage_m0)s), (%(categories_m1)s, %(qty_m1)s, %(gross_m1)s, %(discounts_m1)s, %(taxes_m1)s, %(adjustments_m1)s, %(net_m1)s, %(percentage_m1)s), (%(categories_m2)s, %(qty_m2)s, %(gross_m2)s, %(discounts_m2)s, %(taxes_m2)s, %(adjustments_m2)s, %(net_m2)s, %(percentage_m2)s), (%(categories_m3)s, %(qty_m3)s, %(gross_m3)s, %(discounts_m3)s, %(taxes_m3)s, %(adjustments_m3)s, %(net_m3)s, %(percentage_m3)s), (%(categories_m4)s, %(qty_m4)s, %(gross_m4)s, %(discounts_m4)s, %(taxes_m4)s, %(adjustments_m4)s, %(net_m4)s, %(percentage_m4)s), (%(categories_m5)s, %(qty_m5)s, %(gross_m5)s, %(discounts_m5)s, %(taxes_m5)s, %(adjustments_m5)s, %(net_m5)s, %(percentage_m5)s), (%(categories_m6)s, %(qty_m6)s, %(gross_m6)s, %(discounts_m6)s, %(taxes_m6)s, %(adjustments_m6)s, %(net_m6)s, %(percentage_m6)s), (%(categories_m7)s, %(qty_m7)s, %(gross_m7)s, %(discounts_m7)s, %(taxes_m7)s, %(adjustments_m7)s, %(net_m7)s, %(percentage_m7)s), (%(categories_m8)s, %(qty_m8)s, %(gross_m8)s, %(discounts_m8)s, %(taxes_m8)s, %(adjustments_m8)s, %(net_m8)s, %(percentage_m8)s), (%(categories_m9)s, %(qty_m9)s, %(gross_m9)s, %(discounts_m9)s, %(taxes_m9)s, %(adjustments_m9)s, %(net_m9)s, %(percentage_m9)s), (%(categories_m10)s, %(qty_m10)s, %(gross_m10)s, %(discounts_m10)s, %(taxes_m10)s, %(adjustments_m10)s, %(net_m10)s, %(percentage_m10)s), (%(categories_m11)s, %(qty_m11)s, %(gross_m11)s, %(discounts_m11)s, %(taxes_m11)s, %(adjustments_m11)s, %(net_m11)s, %(percentage_m11)s), (%(categories_m12)s, %(qty_m12)s, %(gross_m12)s, %(discounts_m12)s, %(taxes_m12)s, %(adjustments_m12)s, %(net_m12)s, %(percentage_m12)s), (%(categories_m13)s, %(qty_m13)s, %(gross_m13)s, %(discounts_m13)s, %(taxes_m13)s, %(adjustments_m13)s, %(net_m13)s, %(percentage_m13)s), (%(categories_m14)s, %(qty_m14)s, %(gross_m14)s, %(discounts_m14)s, %(taxes_m14)s, %(adjustments_m14)s, %(net_m14)s, %(percentage_m14)s), (%(categories_m15)s, %(qty_m15)s, %(gross_m15)s, %(discounts_m15)s, %(taxes_m15)s, %(adjustments_m15)s, %(net_m15)s, %(percentage_m15)s), (%(categories_m16)s, %(qty_m16)s, %(gross_m16)s, %(discounts_m16)s, %(taxes_m16)s, %(adjustments_m16)s, %(net_m16)s, %(percentage_m16)s), (%(categories_m17)s, %(qty_m17)s, %(gross_m17)s, %(discounts_m17)s, %(taxes_m17)s, %(adjustments_m17)s, %(net_m17)s, %(percentage_m17)s), (%(categories_m18)s, %(qty_m18)s, %(gross_m18)s, %(discounts_m18)s, %(taxes_m18)s, %(adjustments_m18)s, %(net_m18)s, %(percentage_m18)s), (%(categories_m19)s, %(qty_m19)s, %(gross_m19)s, %(discounts_m19)s, %(taxes_m19)s, %(adjustments_m19)s, %(net_m19)s, %(percentage_m19)s), (%(categories_m20)s, %(qty_m20)s, %(gross_m20)s, %(discounts_m20)s, %(taxes_m20)s, %(adjustments_m20)s, %(net_m20)s, %(percentage_m20)s), (%(categories_m21)s, %(qty_m21)s, %(gross_m21)s, %(discounts_m21)s, %(taxes_m21)s, %(adjustments_m21)s, %(net_m21)s, %(percentage_m21)s), (%(categories_m22)s, %(qty_m22)s, %(gross_m22)s, %(discounts_m22)s, %(taxes_m22)s, %(adjustments_m22)s, %(net_m22)s, %(percentage_m22)s), (%(categories_m23)s, %(qty_m23)s, %(gross_m23)s, %(discounts_m23)s, %(taxes_m23)s, %(adjustments_m23)s, %(net_m23)s, %(percentage_m23)s), (%(categories_m24)s, %(qty_m24)s, %(gross_m24)s, %(discounts_m24)s, %(taxes_m24)s, %(adjustments_m24)s, %(net_m24)s, %(percentage_m24)s), (%(categories_m25)s, %(qty_m25)s, %(gross_m25)s, %(discounts_m25)s, %(taxes_m25)s, %(adjustments_m25)s, %(net_m25)s, %(percentage_m25)s), (%(categories_m26)s, %(qty_m26)s, %(gross_m26)s, %(discounts_m26)s, %(taxes_m26)s, %(adjustments_m26)s, %(net_m26)s, %(percentage_m26)s), (%(categories_m27)s, %(qty_m27)s, %(gross_m27)s, %(discounts_m27)s, %(taxes_m27)s, %(adjustments_m27)s, %(net_m27)s, %(percentage_m27)s), (%(categories_m28)s, %(qty_m28)s, %(gross_m28)s, %(discounts_m28)s, %(taxes_m28)s, %(adjustments_m28)s, %(net_m28)s, %(percentage_m28)s), (%(categories_m29)s, %(qty_m29)s, %(gross_m29)s, %(discounts_m29)s, %(taxes_m29)s, %(adjustments_m29)s, %(net_m29)s, %(percentage_m29)s), (%(categories_m30)s, %(qty_m30)s, %(gross_m30)s, %(discounts_m30)s, %(taxes_m30)s, %(adjustments_m30)s, %(net_m30)s, %(percentage_m30)s), (%(categories_m31)s, %(qty_m31)s, %(gross_m31)s, %(discounts_m31)s, %(taxes_m31)s, %(adjustments_m31)s, %(net_m31)s, %(percentage_m31)s), (%(categories_m32)s, %(qty_m32)s, %(gross_m32)s, %(discounts_m32)s, %(taxes_m32)s, %(adjustments_m32)s, %(net_m32)s, %(percentage_m32)s), (%(categories_m33)s, %(qty_m33)s, %(gross_m33)s, %(discounts_m33)s, %(taxes_m33)s, %(adjustments_m33)s, %(net_m33)s, %(percentage_m33)s), (%(categories_m34)s, %(qty_m34)s, %(gross_m34)s, %(discounts_m34)s, %(taxes_m34)s, %(adjustments_m34)s, %(net_m34)s, %(percentage_m34)s), (%(categories_m35)s, %(qty_m35)s, %(gross_m35)s, %(discounts_m35)s, %(taxes_m35)s, %(adjustments_m35)s, %(net_m35)s, %(percentage_m35)s), (%(categories_m36)s, %(qty_m36)s, %(gross_m36)s, %(discounts_m36)s, %(taxes_m36)s, %(adjustments_m36)s, %(net_m36)s, %(percentage_m36)s), (%(categories_m37)s, %(qty_m37)s, %(gross_m37)s, %(discounts_m37)s, %(taxes_m37)s, %(adjustments_m37)s, %(net_m37)s, %(percentage_m37)s), (%(categories_m38)s, %(qty_m38)s, %(gross_m38)s, %(discounts_m38)s, %(taxes_m38)s, %(adjustments_m38)s, %(net_m38)s, %(percentage_m38)s), (%(categories_m39)s, %(qty_m39)s, %(gross_m39)s, %(discounts_m39)s, %(taxes_m39)s, %(adjustments_m39)s, %(net_m39)s, %(percentage_m39)s), (%(categories_m40)s, %(qty_m40)s, %(gross_m40)s, %(discounts_m40)s, %(taxes_m40)s, %(adjustments_m40)s, %(net_m40)s, %(percentage_m40)s), (%(categories_m41)s, %(qty_m41)s, %(gross_m41)s, %(discounts_m41)s, %(taxes_m41)s, %(adjustments_m41)s, %(net_m41)s, %(percentage_m41)s), (%(categories_m42)s, %(qty_m42)s, %(gross_m42)s, %(discounts_m42)s, %(taxes_m42)s, %(adjustments_m42)s, %(net_m42)s, %(percentage_m42)s), (%(categories_m43)s, %(qty_m43)s, %(gross_m43)s, %(discounts_m43)s, %(taxes_m43)s, %(adjustments_m43)s, %(net_m43)s, %(percentage_m43)s), (%(categories_m44)s, %(qty_m44)s, %(gross_m44)s, %(discounts_m44)s, %(taxes_m44)s, %(adjustments_m44)s, %(net_m44)s, %(percentage_m44)s), (%(categories_m45)s, %(qty_m45)s, %(gross_m45)s, %(discounts_m45)s, %(taxes_m45)s, %(adjustments_m45)s, %(net_m45)s, %(percentage_m45)s), (%(categories_m46)s, %(qty_m46)s, %(gross_m46)s, %(discounts_m46)s, %(taxes_m46)s, %(adjustments_m46)s, %(net_m46)s, %(percentage_m46)s), (%(categories_m47)s, %(qty_m47)s, %(gross_m47)s, %(discounts_m47)s, %(taxes_m47)s, %(adjustments_m47)s, %(net_m47)s, %(percentage_m47)s), (%(categories_m48)s, %(qty_m48)s, %(gross_m48)s, %(discounts_m48)s, %(taxes_m48)s, %(adjustments_m48)s, %(net_m48)s, %(percentage_m48)s), (%(categories_m49)s, %(qty_m49)s, %(gross_m49)s, %(discounts_m49)s, %(taxes_m49)s, %(adjustments_m49)s, %(net_m49)s, %(percentage_m49)s), (%(categories_m50)s, %(qty_m50)s, %(gross_m50)s, %(discounts_m50)s, %(taxes_m50)s, %(adjustments_m50)s, %(net_m50)s, %(percentage_m50)s), (%(categories_m51)s, %(qty_m51)s, %(gross_m51)s, %(discounts_m51)s, %(taxes_m51)s, %(adjustments_m51)s, %(net_m51)s, %(percentage_m51)s), (%(categories_m52)s, %(qty_m52)s, %(gross_m52)s, %(discounts_m52)s, %(taxes_m52)s, %(adjustments_m52)s, %(net_m52)s, %(percentage_m52)s), (%(categories_m53)s, %(qty_m53)s, %(gross_m53)s, %(discounts_m53)s, %(taxes_m53)s, %(adjustments_m53)s, %(net_m53)s, %(percentage_m53)s)
2023-11-15 17:58:55,195 - sqlalchemy.engine.Engine - INFO - [no key 0.00088s] {'categories_m0': 'MATERIALS', 'qty_m0': 279, 'gross_m0': 5215.0, 'discounts_m0': 0.0, 'taxes_m0': 0.0, 'adjustments_m0': 0.0, 'net_m0': 5215.0, 'percentage_m0': 34, 'categories_m1': 'EXAM COPAY', 'qty_m1': 250, 'gross_m1': 2945.0, 'discounts_m1': 0.0, 'taxes_m1': 0.0, 'adjustments_m1': 0.0, 'net_m1': 2945.0, 'percentage_m1': 19, 'categories_m2': 'exam', 'qty_m2': 90, 'gross_m2': 1115.0, 'discounts_m2': 0.0, 'taxes_m2': 0.0, 'adjustments_m2': 0.0, 'net_m2': 1115.0, 'percentage_m2': 7, 'categories_m3': 'Contacts', 'qty_m3': 1, 'gross_m3': 800.0, 'discounts_m3': 0.0, 'taxes_m3': 0.0, 'adjustments_m3': 0.0, 'net_m3': 800.0, 'percentage_m3': 5, 'categories_m4': 'PROGRESSIVE UPGRADE', 'qty_m4': 13, 'gross_m4': 765.0, 'discounts_m4': 0.0, 'taxes_m4': 0.0, 'adjustments_m4': 0.0, 'net_m4': 765.0, 'percentage_m4': 5, 'categories_m5': 'RETINA PHOTOS', 'qty_m5': 27, 'gross_m5': 673.0, 'discounts_m5': 0.0, 'taxes_m5': 0.0, 'adjustments_m5': 0.0, 'net_m5': 673.0, 'percentage_m5': 4, 'categories_m6': 'SPECIALTY CONTACTS', 'qty_m6': 1 ... 332 parameters truncated ... 'net_m47': 8.0, 'percentage_m47': 0, 'categories_m48': 'NOSEpads', 'qty_m48': 1, 'gross_m48': 5.0, 'discounts_m48': 0.0, 'taxes_m48': 0.0, 'adjustments_m48': 0.0, 'net_m48': 5.0, 'percentage_m48': 0, 'categories_m49': 'case', 'qty_m49': 1, 'gross_m49': 3.0, 'discounts_m49': 0.0, 'taxes_m49': 0.0, 'adjustments_m49': 0.0, 'net_m49': 3.0, 'percentage_m49': 0, 'categories_m50': 'Hard Case', 'qty_m50': 1, 'gross_m50': 2.0, 'discounts_m50': 0.0, 'taxes_m50': 0.0, 'adjustments_m50': 0.0, 'net_m50': 2.0, 'percentage_m50': 0, 'categories_m51': 'swipe', 'qty_m51': 1, 'gross_m51': 2.0, 'discounts_m51': 0.0, 'taxes_m51': 0.0, 'adjustments_m51': 0.0, 'net_m51': 2.0, 'percentage_m51': 0, 'categories_m52': 'CLEANING CLOTH', 'qty_m52': 1, 'gross_m52': 1.0, 'discounts_m52': 0.0, 'taxes_m52': 0.0, 'adjustments_m52': 0.0, 'net_m52': 1.0, 'percentage_m52': 0, 'categories_m53': 'one Lens', 'qty_m53': 0, 'gross_m53': 0.0, 'discounts_m53': 0.0, 'taxes_m53': 0.0, 'adjustments_m53': 0.0, 'net_m53': 0.0, 'percentage_m53': 0}
2023-11-15 17:58:55,200 - sqlalchemy.engine.Engine - INFO - COMMIT
2023-11-15 17:58:55,201 - root - INFO - Successfully Wrote data to PostgreSQL table: q1_q2_misc_services
2023-11-15 17:58:55,202 - __main__ - INFO - Pipeline completed.
