2023-08-12 12:26:06,816 - transform_data_currency - INFO - Dollar columns found: ['gross', 'discounts', 'taxes', 'adjustments', 'net']
2023-08-12 12:26:06,817 - transform_data_currency - INFO - Successfully converted column 'gross' to float.
2023-08-12 12:26:06,817 - transform_data_currency - INFO - Successfully converted column 'discounts' to float.
2023-08-12 12:26:06,817 - transform_data_currency - INFO - Successfully converted column 'taxes' to float.
2023-08-12 12:26:06,818 - transform_data_currency - INFO - Successfully converted column 'adjustments' to float.
2023-08-12 12:26:06,818 - transform_data_currency - INFO - Successfully converted column 'net' to float.
2023-08-12 12:26:06,829 - transform_data_full_name_to_id - WARNING - The first column is not 'Provider(s)' or 'Patient; Cannot parse name: 
2023-08-12 12:26:06,829 - transform_data_full_name_to_id - WARNING - Unknown person type, first column will not be dropped.
2023-08-12 12:26:06,830 - transform_data_remove_subtotal_col - INFO - Column is not numeric: type
2023-08-12 12:26:06,830 - transform_data_remove_subtotal_col - INFO - Last row: nan
2023-08-12 12:26:06,830 - transform_data_remove_subtotal_col - INFO - Column is numeric: qty
2023-08-12 12:26:06,830 - transform_data_remove_subtotal_col - INFO - Last row: 258
2023-08-12 12:26:06,830 - transform_data_remove_subtotal_col - INFO - Subtotal column found: qty
2023-08-12 12:26:06,831 - transform_data_remove_subtotal_col - INFO - Subtotal column removed: qty
2023-08-12 12:26:06,840 - transform_data_remove_subtotal_col - INFO - Column is numeric: gross
2023-08-12 12:26:06,840 - transform_data_remove_subtotal_col - INFO - Last row: 7680.0
2023-08-12 12:26:06,840 - transform_data_remove_subtotal_col - INFO - Subtotal column not found: Here's the tail
2023-08-12 12:26:06,844 - transform_data_remove_subtotal_col - INFO - Column is numeric: discounts
2023-08-12 12:26:06,844 - transform_data_remove_subtotal_col - INFO - Last row: 0.0
2023-08-12 12:26:06,844 - transform_data_remove_subtotal_col - INFO - Subtotal column found: discounts
2023-08-12 12:26:06,844 - transform_data_remove_subtotal_col - INFO - Subtotal column removed: discounts
