2023-11-13 21:46:14,621 - transform_data_lowercase_cols - INFO - All columns have been lowercased.
2023-11-13 21:46:14,630 - transform_data_currency - INFO - Dollar columns found: ['gross', 'discounts', 'taxes', 'adjustments', 'net']
2023-11-13 21:46:14,631 - transform_data_currency - INFO - Successfully converted column 'gross' to float.
2023-11-13 21:46:14,632 - transform_data_currency - INFO - Successfully converted column 'discounts' to float.
2023-11-13 21:46:14,632 - transform_data_currency - INFO - Successfully converted column 'taxes' to float.
2023-11-13 21:46:14,633 - transform_data_currency - INFO - Successfully converted column 'adjustments' to float.
2023-11-13 21:46:14,634 - transform_data_currency - INFO - Successfully converted column 'net' to float.
2023-11-13 21:46:14,665 - transform_data_full_name_to_id - WARNING - No valid string columns to process.
2023-11-13 21:46:14,666 - transform_data_full_name_to_id - INFO - No columns dropped, columns did not match in ['provider', 'providers', 'patient', 'patients']
2023-11-13 21:46:14,666 - transform_data_full_name_to_id - WARNING - No valid person type detected for ID transformation.
2023-11-13 21:46:14,667 - transform_data_remove_subtotal_col - INFO - Column is not numeric: categories
2023-11-13 21:46:14,667 - transform_data_remove_subtotal_col - INFO - Last row: nan
2023-11-13 21:46:14,667 - transform_data_remove_subtotal_col - INFO - Column is numeric: qty
2023-11-13 21:46:14,683 - transform_data_remove_subtotal_col - INFO - Last row: 738
2023-11-13 21:46:14,686 - transform_data_remove_subtotal_col - INFO - Subtotal column found: qty
2023-11-13 21:46:14,687 - transform_data_remove_subtotal_col - INFO - Subtotal column removed: qty
2023-11-13 21:46:14,705 - transform_data_rename_percentage - INFO - Percentage column renamed.
2023-11-13 21:46:14,706 - transform_data_percentage_to_int - INFO - Percentage column converted to integers.
2023-11-13 21:46:14,706 - transform_data_rename_hash - WARNING - No '#' column found. Nothing renamed.
2023-11-13 21:46:14,727 - stage_data_for_ingest - INFO - Read parent directory: ./files_to_consume
2023-11-13 21:46:14,731 - stage_data_for_ingest - INFO - Resolved absolute parent directory: /app/./files_to_consume
2023-11-13 21:46:14,735 - stage_data_for_ingest - INFO - Clean directory path: ./files_to_consume/Clean_Layer
2023-11-13 21:46:14,739 - stage_data_for_ingest - INFO - Output filename: q1_q2_misc_services-Processed.csv
2023-11-13 21:46:14,744 - stage_data_for_ingest - INFO - Processed data written to CSV file.
2023-11-13 21:46:14,777 - ingest_data_postgres - INFO - Database table instruction: replace
2023-11-13 21:46:14,873 - sqlalchemy.engine.Engine - INFO - select pg_catalog.version()
2023-11-13 21:46:14,874 - sqlalchemy.engine.Engine - INFO - [raw sql] {}
2023-11-13 21:46:14,876 - sqlalchemy.engine.Engine - INFO - select current_schema()
2023-11-13 21:46:14,877 - sqlalchemy.engine.Engine - INFO - [raw sql] {}
2023-11-13 21:46:14,878 - sqlalchemy.engine.Engine - INFO - show standard_conforming_strings
2023-11-13 21:46:14,879 - sqlalchemy.engine.Engine - INFO - [raw sql] {}
2023-11-13 21:46:14,881 - sqlalchemy.engine.Engine - INFO - BEGIN (implicit)
2023-11-13 21:46:14,881 - sqlalchemy.engine.Engine - INFO - SELECT 1
2023-11-13 21:46:14,882 - sqlalchemy.engine.Engine - INFO - [generated in 0.00117s] {}
2023-11-13 21:46:14,883 - sqlalchemy.engine.Engine - INFO - ROLLBACK
2023-11-13 21:46:14,883 - __main__ - INFO - Pipeline completed.
