2023-11-13 20:34:03,280 - transform_data_lowercase_cols - INFO - All columns have been lowercased.
2023-11-13 20:34:03,289 - transform_data_currency - INFO - Dollar columns found: ['gross', 'discounts', 'taxes', 'adjustments', 'net']
2023-11-13 20:34:03,290 - transform_data_currency - INFO - Successfully converted column 'gross' to float.
2023-11-13 20:34:03,290 - transform_data_currency - INFO - Successfully converted column 'discounts' to float.
2023-11-13 20:34:03,291 - transform_data_currency - INFO - Successfully converted column 'taxes' to float.
2023-11-13 20:34:03,291 - transform_data_currency - INFO - Successfully converted column 'adjustments' to float.
2023-11-13 20:34:03,292 - transform_data_currency - INFO - Successfully converted column 'net' to float.
2023-11-13 20:34:03,323 - transform_data_full_name_to_id - WARNING - No valid string columns to process.
2023-11-13 20:34:03,323 - transform_data_full_name_to_id - INFO - No columns dropped, columns did not match in ['provider', 'providers', 'patient', 'patients']
2023-11-13 20:34:03,323 - transform_data_full_name_to_id - WARNING - No valid person type detected for ID transformation.
2023-11-13 20:34:03,324 - transform_data_remove_subtotal_col - INFO - Column is not numeric: categories
2023-11-13 20:34:03,324 - transform_data_remove_subtotal_col - INFO - Last row: nan
2023-11-13 20:34:03,324 - transform_data_remove_subtotal_col - INFO - Column is numeric: qty
2023-11-13 20:34:03,340 - transform_data_remove_subtotal_col - INFO - Last row: 738
2023-11-13 20:34:03,342 - transform_data_remove_subtotal_col - INFO - Subtotal column found: qty
2023-11-13 20:34:03,343 - transform_data_remove_subtotal_col - INFO - Subtotal column removed: qty
2023-11-13 20:34:03,353 - transform_data_rename_percentage - INFO - Percentage column renamed.
2023-11-13 20:34:03,354 - transform_data_percentage_to_int - INFO - Percentage column converted to integers.
2023-11-13 20:34:03,354 - transform_data_rename_hash - WARNING - No '#' column found. Nothing renamed.
2023-11-13 20:34:03,366 - stage_data_for_ingest - INFO - Read parent directory: ./files_to_consume
2023-11-13 20:34:03,368 - stage_data_for_ingest - INFO - Resolved absolute parent directory: /app/./files_to_consume
2023-11-13 20:34:03,370 - stage_data_for_ingest - INFO - Clean directory path: ./files_to_consume/Clean_Layer
2023-11-13 20:34:03,373 - stage_data_for_ingest - INFO - Output filename: q1_q2_misc_services-Processed.csv
2023-11-13 20:34:03,375 - stage_data_for_ingest - INFO - Processed data written to CSV file.
2023-11-13 20:34:03,393 - ingest_data_postgres - INFO - Database table instruction: replace
2023-11-13 20:34:03,428 - ingest_data_postgres - INFO - Successfully CONNected to PostgreSQL database: reports_2023
2023-11-13 20:34:03,428 - root - INFO - Attempting to write data to PostgreSQL table: q1_q2_misc_services
2023-11-13 20:34:03,542 - root - INFO - Successfully Wrote data to PostgreSQL table: q1_q2_misc_services
2023-11-13 20:34:03,542 - __main__ - INFO - Pipeline completed.
