2023-12-06 11:17:33,198 - transform_data_lowercase_cols - INFO - All columns have been lowercased.
2023-12-06 11:17:33,205 - transform_data_currency - INFO - Dollar columns found: ['gross', 'discounts', 'taxes', 'adjustments', 'net']
2023-12-06 11:17:33,206 - transform_data_currency - INFO - Successfully converted column 'gross' to float.
2023-12-06 11:17:33,206 - transform_data_currency - INFO - Successfully converted column 'discounts' to float.
2023-12-06 11:17:33,206 - transform_data_currency - INFO - Successfully converted column 'taxes' to float.
2023-12-06 11:17:33,207 - transform_data_currency - INFO - Successfully converted column 'adjustments' to float.
2023-12-06 11:17:33,207 - transform_data_currency - INFO - Successfully converted column 'net' to float.
2023-12-06 11:17:33,223 - transform_data_full_name_to_id - WARNING - No valid string columns to process.
2023-12-06 11:17:33,223 - transform_data_full_name_to_id - INFO - No columns dropped, columns did not match in ['provider', 'providers', 'patient', 'patients']
2023-12-06 11:17:33,223 - transform_data_full_name_to_id - WARNING - No valid person type detected for ID transformation.
2023-12-06 11:17:33,224 - transform_data_remove_subtotal_col - INFO - Column is not numeric: item
2023-12-06 11:17:33,224 - transform_data_remove_subtotal_col - INFO - Last row: nan
2023-12-06 11:17:33,224 - transform_data_remove_subtotal_col - INFO - Column is numeric: qty
2023-12-06 11:17:33,237 - transform_data_remove_subtotal_col - INFO - Last row: 406
2023-12-06 11:17:33,239 - transform_data_remove_subtotal_col - INFO - Subtotal column found: qty
2023-12-06 11:17:33,240 - transform_data_remove_subtotal_col - INFO - Subtotal column removed: qty
2023-12-06 11:17:33,250 - transform_data_rename_percentage - INFO - Percentage column renamed.
2023-12-06 11:17:33,251 - transform_data_percentage_to_int - INFO - Percentage column converted to integers.
2023-12-06 11:17:33,251 - transform_data_rename_hash - WARNING - No '#' column found. Nothing renamed.
2023-12-06 11:17:33,260 - stage_data_for_ingest - INFO - Read parent directory: ./files_to_consume
2023-12-06 11:17:33,262 - stage_data_for_ingest - INFO - Resolved absolute parent directory: /Users/itech88/Desktop/Projects/Palmdale/Python/revolution_report_transform/./files_to_consume
2023-12-06 11:17:33,264 - stage_data_for_ingest - INFO - Clean directory path: ./files_to_consume/Clean_Layer
2023-12-06 11:17:33,266 - stage_data_for_ingest - INFO - Output filename: q1_q2_contact_lense-Processed.csv
2023-12-06 11:17:33,267 - stage_data_for_ingest - INFO - Processed data written to CSV file.
2023-12-06 11:17:33,284 - ingest_data_postgres - INFO - Database table instruction: replace
2023-12-06 11:17:33,417 - root - INFO - SUCCESS!!!! Wrote data to PostgreSQL table: q1_q2_contact_lense
2023-12-06 11:17:33,417 - root - INFO - Database URI postgresql+psycopg2://postgres:08012022mtbpostgresDOCKER@localhost:5432/reports_2023
2023-12-06 11:17:33,418 - __main__ - INFO - Pipeline completed.
