2023-11-16 18:16:13,790 - transform_data_lowercase_cols - INFO - All columns have been lowercased.
2023-11-16 18:16:13,804 - transform_data_currency - INFO - Dollar columns found: ['gross', 'discounts', 'taxes', 'adjustments', 'net']
2023-11-16 18:16:13,806 - transform_data_currency - INFO - Successfully converted column 'gross' to float.
2023-11-16 18:16:13,807 - transform_data_currency - INFO - Successfully converted column 'discounts' to float.
2023-11-16 18:16:13,808 - transform_data_currency - INFO - Successfully converted column 'taxes' to float.
2023-11-16 18:16:13,809 - transform_data_currency - INFO - Successfully converted column 'adjustments' to float.
2023-11-16 18:16:13,810 - transform_data_currency - INFO - Successfully converted column 'net' to float.
2023-11-16 18:16:13,852 - transform_data_full_name_to_id - WARNING - No valid string columns to process.
2023-11-16 18:16:13,852 - transform_data_full_name_to_id - INFO - No columns dropped, columns did not match in ['provider', 'providers', 'patient', 'patients']
2023-11-16 18:16:13,852 - transform_data_full_name_to_id - WARNING - No valid person type detected for ID transformation.
2023-11-16 18:16:13,853 - transform_data_remove_subtotal_col - INFO - Column is not numeric: categories
2023-11-16 18:16:13,853 - transform_data_remove_subtotal_col - INFO - Last row: nan
2023-11-16 18:16:13,854 - transform_data_remove_subtotal_col - INFO - Column is numeric: qty
2023-11-16 18:16:13,872 - transform_data_remove_subtotal_col - INFO - Last row: 738
2023-11-16 18:16:13,875 - transform_data_remove_subtotal_col - INFO - Subtotal column found: qty
2023-11-16 18:16:13,876 - transform_data_remove_subtotal_col - INFO - Subtotal column removed: qty
2023-11-16 18:16:13,888 - transform_data_rename_percentage - INFO - Percentage column renamed.
2023-11-16 18:16:13,889 - transform_data_percentage_to_int - INFO - Percentage column converted to integers.
2023-11-16 18:16:13,889 - transform_data_rename_hash - WARNING - No '#' column found. Nothing renamed.
2023-11-16 18:16:13,904 - stage_data_for_ingest - INFO - Read parent directory: ./files_to_consume
2023-11-16 18:16:13,907 - stage_data_for_ingest - INFO - Resolved absolute parent directory: /app/./files_to_consume
2023-11-16 18:16:13,909 - stage_data_for_ingest - INFO - Clean directory path: ./files_to_consume/Clean_Layer
2023-11-16 18:16:13,912 - stage_data_for_ingest - INFO - Output filename: q1_q2_misc_services-Processed.csv
2023-11-16 18:16:13,915 - stage_data_for_ingest - INFO - Processed data written to CSV file.
2023-11-16 18:16:13,937 - ingest_data_postgres - INFO - Database table instruction: replace
2023-11-16 18:16:13,990 - root - INFO - Attempting to write data to PostgreSQL table: q1_q2_misc_services
2023-11-16 18:16:13,998 - root - INFO - DataFrame head: 
            categories  qty   gross  ...  adjustments     net  percentage
0            MATERIALS  279  5215.0  ...          0.0  5215.0          34
1           EXAM COPAY  250  2945.0  ...          0.0  2945.0          19
2                 exam   90  1115.0  ...          0.0  1115.0           7
3             Contacts    1   800.0  ...          0.0   800.0           5
4  PROGRESSIVE UPGRADE   13   765.0  ...          0.0   765.0           5

[5 rows x 8 columns]
2023-11-16 18:16:14,055 - root - ERROR - SQLAlchemy error occurred: (psycopg2.OperationalError) could not translate host name "postgres_palmdale" to address: Name or service not known

(Background on this error at: https://sqlalche.me/e/20/e3q8)
2023-11-16 18:16:14,056 - __main__ - INFO - Pipeline completed.
