2023-08-21 14:49:56,831 - transform_data_currency - INFO - Dollar columns found: ['gross', 'discounts', 'taxes', 'adjustments', 'net']
2023-08-21 14:49:56,832 - transform_data_currency - INFO - Successfully converted column 'gross' to float.
2023-08-21 14:49:56,833 - transform_data_currency - INFO - Successfully converted column 'discounts' to float.
2023-08-21 14:49:56,833 - transform_data_currency - INFO - Successfully converted column 'taxes' to float.
2023-08-21 14:49:56,834 - transform_data_currency - INFO - Successfully converted column 'adjustments' to float.
2023-08-21 14:49:56,834 - transform_data_currency - INFO - Successfully converted column 'net' to float.
2023-08-21 14:50:31,112 - transform_data_full_name_to_id - INFO - Column: providers is: provider
2023-08-21 14:51:19,369 - transform_data_full_name_to_id - INFO - Columns dropped: Index(['providers'], dtype='object')
2023-08-21 14:51:38,681 - transform_data_add_person_id_column - INFO - Added 'employee_id' column with default values.
2023-08-21 14:51:42,259 - transform_data_remove_subtotal_col - INFO - Column is not numeric: employee_id
2023-08-21 14:51:42,260 - transform_data_remove_subtotal_col - INFO - Last row: Unknown
2023-08-21 14:51:42,261 - transform_data_remove_subtotal_col - INFO - Column is numeric: qty
2023-08-21 14:51:42,300 - transform_data_remove_subtotal_col - INFO - Last row: 4340
2023-08-21 14:51:42,301 - transform_data_remove_subtotal_col - INFO - Subtotal column found: qty
2023-08-21 14:51:42,302 - transform_data_remove_subtotal_col - INFO - Subtotal column removed: qty
2023-08-21 14:51:48,666 - transform_data_rename_percentage - INFO - Percentage column renamed.
2023-08-21 14:51:48,668 - transform_data_percentage_to_int - INFO - Percentage column converted to integers.
2023-08-21 14:52:06,317 - transform_data_rename_hash - WARNING - No '#' column found. Nothing renamed.
2023-08-21 14:52:06,348 - stage_data_for_ingest - INFO - Processed data written to CSV file.
2023-08-21 14:52:11,059 - ingest_data_postgres - INFO - Successfully CONNected to PostgreSQL database: historical_reports_2022
2023-08-21 14:52:11,059 - root - INFO - Attempting to write data to PostgreSQL table: services_by_provider
2023-08-21 14:52:11,359 - root - INFO - Successfully Wrote data to PostgreSQL table: services_by_provider
2023-08-21 14:52:11,360 - __main__ - INFO - Pipeline completed.
