2023-08-21 15:24:49,605 - transform_data_currency - INFO - Dollar columns found: ['total $ paid']
2023-08-21 15:24:49,606 - transform_data_currency - INFO - Successfully converted column 'total $ paid' to float.
2023-08-21 15:24:49,611 - transform_data_full_name_to_id - INFO - Column: patients is person type: patient
2023-08-21 15:24:49,614 - transform_data_full_name_to_id - INFO - Columns dropped: Index(['patients'], dtype='object')
2023-08-21 15:24:49,614 - transform_data_add_person_id_column - INFO - Added 'patient_id' column with default values.
2023-08-21 15:24:49,615 - transform_data_remove_subtotal_col - INFO - Column is not numeric: patient_id
2023-08-21 15:24:49,615 - transform_data_remove_subtotal_col - INFO - Last row: Unknown
2023-08-21 15:24:49,615 - transform_data_remove_subtotal_col - INFO - Column is numeric: total payments
2023-08-21 15:24:49,620 - transform_data_remove_subtotal_col - INFO - Last row: 2430
2023-08-21 15:24:49,620 - transform_data_remove_subtotal_col - INFO - Subtotal column found: total payments
2023-08-21 15:24:49,621 - transform_data_remove_subtotal_col - INFO - Subtotal column removed: total payments
2023-08-21 15:24:49,623 - transform_data_rename_percentage - INFO - Percentage column renamed.
2023-08-21 15:24:49,624 - transform_data_percentage_to_int - INFO - Percentage column converted to integers.
2023-08-21 15:24:49,624 - transform_data_rename_hash - WARNING - No '#' column found. Nothing renamed.
2023-08-21 15:24:49,630 - stage_data_for_ingest - INFO - Processed data written to CSV file.
2023-08-21 15:24:49,635 - ingest_data_postgres - INFO - Database table instruction: replace
2023-08-21 15:24:49,662 - ingest_data_postgres - INFO - Successfully CONNected to PostgreSQL database: historical_reports_2022
2023-08-21 15:24:49,662 - root - INFO - Attempting to write data to PostgreSQL table: receipts_by_patient
2023-08-21 15:24:49,809 - root - INFO - Successfully Wrote data to PostgreSQL table: receipts_by_patient
2023-08-21 15:24:49,809 - __main__ - INFO - Pipeline completed.
