2023-11-13 20:28:34,615 - transform_data_lowercase_cols - INFO - All columns have been lowercased.
2023-11-13 20:28:34,625 - transform_data_currency - INFO - Dollar columns found: ['gross', 'discounts', 'taxes', 'adjustments', 'net']
2023-11-13 20:28:34,626 - transform_data_currency - INFO - Successfully converted column 'gross' to float.
2023-11-13 20:28:34,627 - transform_data_currency - INFO - Successfully converted column 'discounts' to float.
2023-11-13 20:28:34,628 - transform_data_currency - INFO - Successfully converted column 'taxes' to float.
2023-11-13 20:28:34,628 - transform_data_currency - INFO - Successfully converted column 'adjustments' to float.
2023-11-13 20:28:34,629 - transform_data_currency - INFO - Successfully converted column 'net' to float.
2023-11-13 20:28:34,666 - transform_data_full_name_to_id - WARNING - No valid string columns to process.
2023-11-13 20:28:34,666 - transform_data_full_name_to_id - INFO - No columns dropped, columns did not match in ['provider', 'providers', 'patient', 'patients']
2023-11-13 20:28:34,667 - transform_data_full_name_to_id - WARNING - No valid person type detected for ID transformation.
2023-11-13 20:28:34,667 - transform_data_remove_subtotal_col - INFO - Column is not numeric: categories
2023-11-13 20:28:34,667 - transform_data_remove_subtotal_col - INFO - Last row: nan
2023-11-13 20:28:34,668 - transform_data_remove_subtotal_col - INFO - Column is numeric: qty
2023-11-13 20:28:34,686 - transform_data_remove_subtotal_col - INFO - Last row: 738
2023-11-13 20:28:34,689 - transform_data_remove_subtotal_col - INFO - Subtotal column found: qty
2023-11-13 20:28:34,690 - transform_data_remove_subtotal_col - INFO - Subtotal column removed: qty
2023-11-13 20:28:34,702 - transform_data_rename_percentage - INFO - Percentage column renamed.
2023-11-13 20:28:34,703 - transform_data_percentage_to_int - INFO - Percentage column converted to integers.
2023-11-13 20:28:34,703 - transform_data_rename_hash - WARNING - No '#' column found. Nothing renamed.
2023-11-13 20:28:34,718 - stage_data_for_ingest - INFO - Read parent directory: ./files_to_consume
2023-11-13 20:28:34,721 - stage_data_for_ingest - INFO - Resolved absolute parent directory: /app/./files_to_consume
2023-11-13 20:28:34,724 - stage_data_for_ingest - INFO - Clean directory path: ./files_to_consume/Clean_Layer
2023-11-13 20:28:34,727 - stage_data_for_ingest - INFO - Output filename: q1_q2_misc_services-Processed.csv
2023-11-13 20:28:34,729 - stage_data_for_ingest - INFO - Processed data written to CSV file.
2023-11-13 20:28:34,752 - ingest_data_postgres - INFO - Database table instruction: replace
2023-11-13 20:28:34,790 - ingest_data_postgres - INFO - Successfully CONNected to PostgreSQL database: reports2023
2023-11-13 20:28:34,790 - root - INFO - Attempting to write data to PostgreSQL table: q1_q2_misc_services
2023-11-13 20:28:34,807 - root - ERROR - SQLAlchemy error occurred: (psycopg2.OperationalError) connection to server at "postgres_palmdale" (172.19.0.2), port 5432 failed: FATAL:  database "reports2023" does not exist

(Background on this error at: https://sqlalche.me/e/20/e3q8)
2023-11-13 20:28:34,808 - __main__ - INFO - Pipeline completed.
