2023-08-16 15:45:51,351 - transform_data_delete_blank_cols - INFO - Deleted blank column: [Unnamed: 0]
2023-08-16 15:45:55,528 - transform_data_delete_blank_cols - INFO - Deleted blank column: [Unnamed: 12]
2023-08-16 15:45:55,558 - transform_data_currency - INFO - Dollar columns found: ['amount', 'balance']
2023-08-16 15:45:55,559 - transform_data_currency - WARNING - Failed to convert column 'amount' to float.
2023-08-16 15:45:55,563 - transform_data_currency - WARNING - The row that failed is:    approval status  age   # payer patient invoice date service date  statement date  amount     balance
57      NaN    NaN  NaN NaN   NaN     NaN          NaN          NaN             NaN     NaN  $11,524.00
2023-08-16 15:45:55,563 - transform_data_currency - WARNING -    approval status  age   # payer patient invoice date service date  statement date  amount     balance
57      NaN    NaN  NaN NaN   NaN     NaN          NaN          NaN             NaN     NaN  $11,524.00
2023-08-16 15:45:55,566 - transform_data_currency - INFO - Successfully converted column 'balance' to float.
2023-08-16 15:45:55,593 - transform_data_full_name_to_id - WARNING - The first column is not 'Provider(s)' or 'Patient; Cannot parse name: 
2023-08-16 15:45:55,593 - transform_data_full_name_to_id - WARNING - Unknown person type, first column will not be dropped.
2023-08-16 15:45:55,593 - transform_data_remove_subtotal_col - INFO - Column is not numeric: approval
2023-08-16 15:45:55,593 - transform_data_remove_subtotal_col - INFO - Last row: nan
2023-08-16 15:45:55,593 - transform_data_remove_subtotal_col - INFO - Column is not numeric: status
2023-08-16 15:45:55,593 - transform_data_remove_subtotal_col - INFO - Last row: nan
2023-08-16 15:45:55,593 - transform_data_remove_subtotal_col - INFO - Column is not numeric: age
2023-08-16 15:45:55,593 - transform_data_remove_subtotal_col - INFO - Last row: nan
2023-08-16 15:45:55,593 - transform_data_remove_subtotal_col - INFO - Column is not numeric: #
2023-08-16 15:45:55,593 - transform_data_remove_subtotal_col - INFO - Last row: nan
2023-08-16 15:45:55,593 - transform_data_remove_subtotal_col - INFO - Column is not numeric: payer
2023-08-16 15:45:55,593 - transform_data_remove_subtotal_col - INFO - Last row: nan
2023-08-16 15:45:55,594 - transform_data_remove_subtotal_col - INFO - Column is not numeric: patient
2023-08-16 15:45:55,594 - transform_data_remove_subtotal_col - INFO - Last row: nan
2023-08-16 15:45:55,594 - transform_data_remove_subtotal_col - INFO - Column is not numeric: invoice date
2023-08-16 15:45:55,594 - transform_data_remove_subtotal_col - INFO - Last row: nan
2023-08-16 15:45:55,594 - transform_data_remove_subtotal_col - INFO - Column is not numeric: service date
2023-08-16 15:45:55,594 - transform_data_remove_subtotal_col - INFO - Last row: nan
2023-08-16 15:45:55,594 - transform_data_remove_subtotal_col - INFO - Column is not numeric: statement date
2023-08-16 15:45:55,594 - transform_data_remove_subtotal_col - INFO - Last row: nan
2023-08-16 15:45:55,594 - transform_data_remove_subtotal_col - INFO - Column is not numeric: amount
2023-08-16 15:45:55,594 - transform_data_remove_subtotal_col - INFO - Last row: nan
2023-08-16 15:45:55,594 - transform_data_remove_subtotal_col - INFO - Column is numeric: balance
2023-08-16 15:45:55,601 - transform_data_remove_subtotal_col - INFO - Last row: 11524.0
2023-08-16 15:45:55,602 - transform_data_remove_subtotal_col - INFO - Subtotal column found: balance
2023-08-16 15:45:55,602 - transform_data_remove_subtotal_col - INFO - Subtotal column removed: balance
2023-08-16 15:45:55,606 - transform_data_rename_percentage - WARNING - No '%' column found. Nothing renamed.
2023-08-16 15:45:59,967 - transform_data_rename_hash - INFO - Rows about to be dropped where '#' column is NaN:
2023-08-16 15:45:59,981 - transform_data_rename_hash - INFO - Empty DataFrame
Columns: [approval, status, age, #, payer, patient, invoice date, service date, statement date, amount, balance]
Index: []
2023-08-16 15:45:59,984 - transform_data_rename_hash - INFO - Successfully dropped rows where '#' column is NaN.
2023-08-16 15:45:59,984 - transform_data_rename_hash - INFO - Phone column renamed.
2023-08-16 15:45:59,986 - transform_data_add_col - INFO - New column name is: company
2023-08-16 15:45:59,986 - transform_data_add_col - INFO - New column values are: Spectera
2023-08-16 15:45:59,986 - transform_data_add_col - INFO - Added new column named: company with values: Spectera
2023-08-16 15:45:59,995 - stage_data_for_ingest - INFO - Processed data written to CSV file.
2023-08-16 15:46:00,039 - ingest_data_postgres - INFO - Successfully CONNected to PostgreSQL database: reports_2023
2023-08-16 15:46:00,040 - root - INFO - Attempting to write data to PostgreSQL table: recall_2023
2023-08-16 15:46:00,115 - root - INFO - Successfully Wrote data to PostgreSQL table: recall_2023
2023-08-16 15:46:00,116 - __main__ - INFO - Pipeline completed.
