2023-12-06 11:25:25,423 - transform_data_lowercase_cols - INFO - All columns have been lowercased.
2023-12-06 11:25:25,430 - transform_data_currency - INFO - Dollar columns found: ['gross', 'discounts', 'taxes', 'adjustments', 'net']
2023-12-06 11:25:25,430 - transform_data_currency - INFO - Successfully converted column 'gross' to float.
2023-12-06 11:25:25,431 - transform_data_currency - INFO - Successfully converted column 'discounts' to float.
2023-12-06 11:25:25,431 - transform_data_currency - INFO - Successfully converted column 'taxes' to float.
2023-12-06 11:25:25,431 - transform_data_currency - INFO - Successfully converted column 'adjustments' to float.
2023-12-06 11:25:25,432 - transform_data_currency - INFO - Successfully converted column 'net' to float.
2023-12-06 11:25:25,444 - transform_data_full_name_to_id - WARNING - No valid string columns to process.
2023-12-06 11:25:25,444 - transform_data_full_name_to_id - INFO - No columns dropped, columns did not match in ['provider', 'providers', 'patient', 'patients']
2023-12-06 11:25:25,444 - transform_data_full_name_to_id - WARNING - No valid person type detected for ID transformation.
2023-12-06 11:25:25,445 - transform_data_remove_subtotal_col - INFO - Column is not numeric: item
2023-12-06 11:25:25,445 - transform_data_remove_subtotal_col - INFO - Last row: nan
2023-12-06 11:25:25,445 - transform_data_remove_subtotal_col - INFO - Column is numeric: qty
2023-12-06 11:25:25,457 - transform_data_remove_subtotal_col - INFO - Last row: 313
2023-12-06 11:25:25,459 - transform_data_remove_subtotal_col - INFO - Subtotal column found: qty
2023-12-06 11:25:25,460 - transform_data_remove_subtotal_col - INFO - Subtotal column removed: qty
2023-12-06 11:25:25,471 - transform_data_rename_percentage - INFO - Percentage column renamed.
2023-12-06 11:25:25,472 - transform_data_percentage_to_int - INFO - Percentage column converted to integers.
2023-12-06 11:25:25,472 - transform_data_rename_hash - WARNING - No '#' column found. Nothing renamed.
2023-12-06 11:25:25,482 - stage_data_for_ingest - INFO - Read parent directory: ./files_to_consume
2023-12-06 11:25:25,483 - stage_data_for_ingest - INFO - Resolved absolute parent directory: /Users/itech88/Desktop/Projects/Palmdale/Python/revolution_report_transform/./files_to_consume
2023-12-06 11:25:25,485 - stage_data_for_ingest - INFO - Clean directory path: ./files_to_consume/Clean_Layer
2023-12-06 11:25:25,487 - stage_data_for_ingest - INFO - Output filename: q3_cpt-Processed.csv
2023-12-06 11:25:25,488 - stage_data_for_ingest - INFO - Processed data written to CSV file.
2023-12-06 11:25:25,506 - ingest_data_postgres - INFO - Database table instruction: replace
2023-12-06 11:25:25,618 - root - INFO - SUCCESS!!!! Wrote data to PostgreSQL table: q3_cpt
2023-12-06 11:25:25,618 - root - INFO - Database URI postgresql+psycopg2://postgres:08012022mtbpostgresDOCKER@localhost:5432/reports_2023
2023-12-06 11:25:25,619 - __main__ - INFO - Pipeline completed.
