2023-11-13 21:13:13,861 - transform_data_lowercase_cols - INFO - All columns have been lowercased.
2023-11-13 21:13:13,870 - transform_data_currency - INFO - Dollar columns found: ['gross', 'discounts', 'taxes', 'adjustments', 'net']
2023-11-13 21:13:13,871 - transform_data_currency - INFO - Successfully converted column 'gross' to float.
2023-11-13 21:13:13,872 - transform_data_currency - INFO - Successfully converted column 'discounts' to float.
2023-11-13 21:13:13,873 - transform_data_currency - INFO - Successfully converted column 'taxes' to float.
2023-11-13 21:13:13,873 - transform_data_currency - INFO - Successfully converted column 'adjustments' to float.
2023-11-13 21:13:13,874 - transform_data_currency - INFO - Successfully converted column 'net' to float.
2023-11-13 21:13:13,906 - transform_data_full_name_to_id - WARNING - No valid string columns to process.
2023-11-13 21:13:13,906 - transform_data_full_name_to_id - INFO - No columns dropped, columns did not match in ['provider', 'providers', 'patient', 'patients']
2023-11-13 21:13:13,906 - transform_data_full_name_to_id - WARNING - No valid person type detected for ID transformation.
2023-11-13 21:13:13,907 - transform_data_remove_subtotal_col - INFO - Column is not numeric: categories
2023-11-13 21:13:13,907 - transform_data_remove_subtotal_col - INFO - Last row: nan
2023-11-13 21:13:13,908 - transform_data_remove_subtotal_col - INFO - Column is numeric: qty
2023-11-13 21:13:13,924 - transform_data_remove_subtotal_col - INFO - Last row: 738
2023-11-13 21:13:13,927 - transform_data_remove_subtotal_col - INFO - Subtotal column found: qty
2023-11-13 21:13:13,928 - transform_data_remove_subtotal_col - INFO - Subtotal column removed: qty
2023-11-13 21:13:13,938 - transform_data_rename_percentage - INFO - Percentage column renamed.
2023-11-13 21:13:13,939 - transform_data_percentage_to_int - INFO - Percentage column converted to integers.
2023-11-13 21:13:13,939 - transform_data_rename_hash - WARNING - No '#' column found. Nothing renamed.
2023-11-13 21:13:13,951 - stage_data_for_ingest - INFO - Read parent directory: ./files_to_consume
2023-11-13 21:13:13,954 - stage_data_for_ingest - INFO - Resolved absolute parent directory: /app/./files_to_consume
2023-11-13 21:13:13,956 - stage_data_for_ingest - INFO - Clean directory path: ./files_to_consume/Clean_Layer
2023-11-13 21:13:13,959 - stage_data_for_ingest - INFO - Output filename: q1_q2_misc_services-Processed.csv
2023-11-13 21:13:13,961 - stage_data_for_ingest - INFO - Processed data written to CSV file.
2023-11-13 21:13:13,980 - ingest_data_postgres - INFO - Database table instruction: replace
2023-11-13 21:13:14,014 - ingest_data_postgres - INFO - Successfully CONNected to PostgreSQL database: reports_2023
2023-11-13 21:13:14,030 - sqlalchemy.engine.Engine - INFO - select pg_catalog.version()
2023-11-13 21:13:14,031 - sqlalchemy.engine.Engine - INFO - [raw sql] {}
2023-11-13 21:13:14,032 - sqlalchemy.engine.Engine - INFO - select current_schema()
2023-11-13 21:13:14,032 - sqlalchemy.engine.Engine - INFO - [raw sql] {}
2023-11-13 21:13:14,033 - sqlalchemy.engine.Engine - INFO - show standard_conforming_strings
2023-11-13 21:13:14,033 - sqlalchemy.engine.Engine - INFO - [raw sql] {}
2023-11-13 21:13:14,037 - __main__ - INFO - Pipeline completed.
