2023-12-06 11:23:03,426 - transform_data_lowercase_cols - INFO - All columns have been lowercased.
2023-12-06 11:23:03,433 - transform_data_currency - INFO - Dollar columns found: ['gross', 'discounts', 'taxes', 'adjustments', 'net']
2023-12-06 11:23:03,434 - transform_data_currency - INFO - Successfully converted column 'gross' to float.
2023-12-06 11:23:03,434 - transform_data_currency - INFO - Successfully converted column 'discounts' to float.
2023-12-06 11:23:03,435 - transform_data_currency - INFO - Successfully converted column 'taxes' to float.
2023-12-06 11:23:03,435 - transform_data_currency - INFO - Successfully converted column 'adjustments' to float.
2023-12-06 11:23:03,435 - transform_data_currency - INFO - Successfully converted column 'net' to float.
2023-12-06 11:23:03,448 - transform_data_full_name_to_id - WARNING - No valid string columns to process.
2023-12-06 11:23:03,448 - transform_data_full_name_to_id - INFO - No columns dropped, columns did not match in ['provider', 'providers', 'patient', 'patients']
2023-12-06 11:23:03,448 - transform_data_full_name_to_id - WARNING - No valid person type detected for ID transformation.
2023-12-06 11:23:03,449 - transform_data_remove_subtotal_col - INFO - Column is not numeric: payer
2023-12-06 11:23:03,449 - transform_data_remove_subtotal_col - INFO - Last row: nan
2023-12-06 11:23:03,449 - transform_data_remove_subtotal_col - INFO - Column is numeric: qty
2023-12-06 11:23:03,462 - transform_data_remove_subtotal_col - INFO - Last row: 5238
2023-12-06 11:23:03,464 - transform_data_remove_subtotal_col - INFO - Subtotal column found: qty
2023-12-06 11:23:03,465 - transform_data_remove_subtotal_col - INFO - Subtotal column removed: qty
2023-12-06 11:23:03,474 - transform_data_rename_percentage - INFO - Percentage column renamed.
2023-12-06 11:23:03,475 - transform_data_percentage_to_int - INFO - Percentage column converted to integers.
2023-12-06 11:23:03,475 - transform_data_rename_hash - WARNING - No '#' column found. Nothing renamed.
2023-12-06 11:23:03,485 - stage_data_for_ingest - INFO - Read parent directory: ./files_to_consume
2023-12-06 11:23:03,486 - stage_data_for_ingest - INFO - Resolved absolute parent directory: /Users/itech88/Desktop/Projects/Palmdale/Python/revolution_report_transform/./files_to_consume
2023-12-06 11:23:03,488 - stage_data_for_ingest - INFO - Clean directory path: ./files_to_consume/Clean_Layer
2023-12-06 11:23:03,489 - stage_data_for_ingest - INFO - Output filename: q1_q2_insurance_companies-Processed.csv
2023-12-06 11:23:03,491 - stage_data_for_ingest - INFO - Processed data written to CSV file.
2023-12-06 11:23:03,507 - ingest_data_postgres - INFO - Database table instruction: replace
2023-12-06 11:23:03,633 - root - INFO - SUCCESS!!!! Wrote data to PostgreSQL table: q1_q2_insurance_companies
2023-12-06 11:23:03,633 - root - INFO - Database URI postgresql+psycopg2://postgres:08012022mtbpostgresDOCKER@localhost:5432/reports_2023
2023-12-06 11:23:03,633 - __main__ - INFO - Pipeline completed.
