2023-12-06 04:31:09,834 - transform_data_lowercase_cols - INFO - All columns have been lowercased.
2023-12-06 04:31:09,915 - transform_data_currency - INFO - Dollar columns found: ['gross', 'discounts', 'taxes', 'adjustments', 'net']
2023-12-06 04:31:09,924 - transform_data_currency - INFO - Successfully converted column 'gross' to float.
2023-12-06 04:31:09,928 - transform_data_currency - INFO - Successfully converted column 'discounts' to float.
2023-12-06 04:31:10,022 - transform_data_currency - INFO - Successfully converted column 'taxes' to float.
2023-12-06 04:31:10,036 - transform_data_currency - INFO - Successfully converted column 'adjustments' to float.
2023-12-06 04:31:10,040 - transform_data_currency - INFO - Successfully converted column 'net' to float.
2023-12-06 04:31:10,670 - transform_data_full_name_to_id - WARNING - No valid string columns to process.
2023-12-06 04:31:10,723 - transform_data_full_name_to_id - INFO - No columns dropped, columns did not match in ['provider', 'providers', 'patient', 'patients']
2023-12-06 04:31:10,728 - transform_data_full_name_to_id - WARNING - No valid person type detected for ID transformation.
2023-12-06 04:31:10,752 - transform_data_remove_subtotal_col - INFO - Column is not numeric: categories
2023-12-06 04:31:10,815 - transform_data_remove_subtotal_col - INFO - Last row: nan
2023-12-06 04:31:10,894 - transform_data_remove_subtotal_col - INFO - Column is numeric: qty
2023-12-06 04:31:11,249 - transform_data_remove_subtotal_col - INFO - Last row: 738
2023-12-06 04:31:11,298 - transform_data_remove_subtotal_col - INFO - Subtotal column found: qty
2023-12-06 04:31:11,319 - transform_data_remove_subtotal_col - INFO - Subtotal column removed: qty
2023-12-06 04:31:11,445 - transform_data_rename_percentage - INFO - Percentage column renamed.
2023-12-06 04:31:11,452 - transform_data_percentage_to_int - INFO - Percentage column converted to integers.
2023-12-06 04:31:11,460 - transform_data_rename_hash - WARNING - No '#' column found. Nothing renamed.
2023-12-06 04:31:11,564 - stage_data_for_ingest - INFO - Read parent directory: ./files_to_consume
2023-12-06 04:31:11,636 - stage_data_for_ingest - INFO - Resolved absolute parent directory: /app/./files_to_consume
2023-12-06 04:31:11,662 - stage_data_for_ingest - INFO - Clean directory path: ./files_to_consume/Clean_Layer
2023-12-06 04:31:11,695 - stage_data_for_ingest - INFO - Output filename: q1_q2_misc_services-Processed.csv
2023-12-06 04:31:11,836 - stage_data_for_ingest - INFO - Processed data written to CSV file.
2023-12-06 04:31:12,012 - ingest_data_postgres - INFO - Database table instruction: replace
2023-12-06 04:31:12,166 - root - INFO - Attempting to write data to PostgreSQL table: q1_q2_misc_services
2023-12-06 04:31:12,192 - root - INFO - DataFrame head: 
            categories  qty   gross  ...  adjustments     net  percentage
0            MATERIALS  279  5215.0  ...          0.0  5215.0          34
1           EXAM COPAY  250  2945.0  ...          0.0  2945.0          19
2                 exam   90  1115.0  ...          0.0  1115.0           7
3             Contacts    1   800.0  ...          0.0   800.0           5
4  PROGRESSIVE UPGRADE   13   765.0  ...          0.0   765.0           5

[5 rows x 8 columns]
2023-12-06 04:31:12,280 - sqlalchemy.engine.Engine - INFO - select pg_catalog.version()
2023-12-06 04:31:12,285 - sqlalchemy.engine.Engine - INFO - [raw sql] {}
2023-12-06 04:31:12,291 - sqlalchemy.engine.Engine - INFO - select current_schema()
2023-12-06 04:31:12,303 - sqlalchemy.engine.Engine - INFO - [raw sql] {}
2023-12-06 04:31:12,318 - sqlalchemy.engine.Engine - INFO - show standard_conforming_strings
2023-12-06 04:31:12,324 - sqlalchemy.engine.Engine - INFO - [raw sql] {}
2023-12-06 04:31:12,369 - sqlalchemy.engine.Engine - INFO - BEGIN (implicit)
2023-12-06 04:31:12,377 - sqlalchemy.engine.Engine - INFO - SELECT pg_catalog.pg_class.relname 
FROM pg_catalog.pg_class JOIN pg_catalog.pg_namespace ON pg_catalog.pg_namespace.oid = pg_catalog.pg_class.relnamespace 
WHERE pg_catalog.pg_class.relname = %(table_name)s AND pg_catalog.pg_class.relkind = ANY (ARRAY[%(param_1)s, %(param_2)s, %(param_3)s, %(param_4)s, %(param_5)s]) AND pg_catalog.pg_table_is_visible(pg_catalog.pg_class.oid) AND pg_catalog.pg_namespace.nspname != %(nspname_1)s
2023-12-06 04:31:12,378 - sqlalchemy.engine.Engine - INFO - [generated in 0.00935s] {'table_name': 'Select * from q1_q2_misc_services', 'param_1': 'r', 'param_2': 'p', 'param_3': 'f', 'param_4': 'v', 'param_5': 'm', 'nspname_1': 'pg_catalog'}
2023-12-06 04:31:12,386 - root - ERROR - SQLAlchemy error occurred: Not an executable object: 'Select * from q1_q2_misc_services'
2023-12-06 04:31:12,389 - __main__ - INFO - Pipeline completed.
